[0.0초] 스크립트 시작
[0.0초] 환경 설정 확인
[0.0초] Python 버전: 3.11.14 (main, Oct 10 2025, 01:03:14) [GCC 13.3.0]
[0.0초] API 키 설정: 예
[0.0초] 이메일 설정: 예
[0.0초] 필수 모듈 로드 시도...
[0.1초] ✓ feedparser 로드 성공
[0.1초] ✓ BeautifulSoup 로드 성공
[0.2초] ✓ pytz 로드 성공
[0.6초] ✓ google.generativeai 로드 성공
[0.6초] Gemini API 설정 완료, 연결 테스트 시도...
WARNING: All log messages before absl::InitializeLog() is called are written to STDERR
E0000 00:00:1764108956.133129    2200 plugin_credentials.cc:79] validate_metadata_from_plugin: INTERNAL:Illegal header value
E0000 00:00:1764108956.133166    2200 plugin_credentials.cc:82] Plugin added invalid metadata value.
E0000 00:00:1764108956.360479    2198 plugin_credentials.cc:79] validate_metadata_from_plugin: INTERNAL:Illegal header value
E0000 00:00:1764108956.360507    2198 plugin_credentials.cc:82] Plugin added invalid metadata value.
E0000 00:00:1764108957.102409    2198 plugin_credentials.cc:79] validate_metadata_from_plugin: INTERNAL:Illegal header value
E0000 00:00:1764108957.102423    2198 plugin_credentials.cc:82] Plugin added invalid metadata value.
E0000 00:00:1764108957.281343    2198 plugin_credentials.cc:79] validate_metadata_from_plugin: INTERNAL:Illegal header value
E0000 00:00:1764108957.281370    2198 plugin_credentials.cc:82] Plugin added invalid metadata value.
E0000 00:00:1764108958.905254    2198 plugin_credentials.cc:79] validate_metadata_from_plugin: INTERNAL:Illegal header value
E0000 00:00:1764108958.905275    2198 plugin_credentials.cc:82] Plugin added invalid metadata value.
E0000 00:00:1764108959.455953    2198 plugin_credentials.cc:79] validate_metadata_from_plugin: INTERNAL:Illegal header value
E0000 00:00:1764108959.455970    2198 plugin_credentials.cc:82] Plugin added invalid metadata value.
E0000 00:00:1764108959.595595    2198 plugin_credentials.cc:79] validate_metadata_from_plugin: INTERNAL:Illegal header value
E0000 00:00:1764108959.595621    2198 plugin_credentials.cc:82] Plugin added invalid metadata value.
E0000 00:00:1764108961.789593    2198 plugin_credentials.cc:79] validate_metadata_from_plugin: INTERNAL:Illegal header value
E0000 00:00:1764108961.789614    2198 plugin_credentials.cc:82] Plugin added invalid metadata value.
E0000 00:00:1764108965.226543    2198 plugin_credentials.cc:79] validate_metadata_from_plugin: INTERNAL:Illegal header value
E0000 00:00:1764108965.226564    2198 plugin_credentials.cc:82] Plugin added invalid metadata value.
E0000 00:00:1764108967.623616    2198 plugin_credentials.cc:79] validate_metadata_from_plugin: INTERNAL:Illegal header value
E0000 00:00:1764108967.623636    2198 plugin_credentials.cc:82] Plugin added invalid metadata value.
E0000 00:00:1764108972.238252    2198 plugin_credentials.cc:79] validate_metadata_from_plugin: INTERNAL:Illegal header value
E0000 00:00:1764108972.238281    2198 plugin_credentials.cc:82] Plugin added invalid metadata value.
E0000 00:00:1764108979.048608    2198 plugin_credentials.cc:79] validate_metadata_from_plugin: INTERNAL:Illegal header value
E0000 00:00:1764108979.048637    2198 plugin_credentials.cc:82] Plugin added invalid metadata value.
E0000 00:00:1764108983.307079    2198 plugin_credentials.cc:79] validate_metadata_from_plugin: INTERNAL:Illegal header value
E0000 00:00:1764108983.307109    2198 plugin_credentials.cc:82] Plugin added invalid metadata value.
E0000 00:00:1764108992.253505    2198 plugin_credentials.cc:79] validate_metadata_from_plugin: INTERNAL:Illegal header value
E0000 00:00:1764108992.253534    2198 plugin_credentials.cc:82] Plugin added invalid metadata value.
E0000 00:00:1764108993.183443    2198 plugin_credentials.cc:79] validate_metadata_from_plugin: INTERNAL:Illegal header value
E0000 00:00:1764108993.183461    2198 plugin_credentials.cc:82] Plugin added invalid metadata value.
E0000 00:00:1764108994.475315    2198 plugin_credentials.cc:79] validate_metadata_from_plugin: INTERNAL:Illegal header value
E0000 00:00:1764108994.475337    2198 plugin_credentials.cc:82] Plugin added invalid metadata value.
E0000 00:00:1764108999.031704    2198 plugin_credentials.cc:79] validate_metadata_from_plugin: INTERNAL:Illegal header value
E0000 00:00:1764108999.031737    2198 plugin_credentials.cc:82] Plugin added invalid metadata value.
E0000 00:00:1764109006.387778    2198 plugin_credentials.cc:79] validate_metadata_from_plugin: INTERNAL:Illegal header value
E0000 00:00:1764109006.387811    2198 plugin_credentials.cc:82] Plugin added invalid metadata value.
E0000 00:00:1764109013.600583    2198 plugin_credentials.cc:79] validate_metadata_from_plugin: INTERNAL:Illegal header value
E0000 00:00:1764109013.600614    2198 plugin_credentials.cc:82] Plugin added invalid metadata value.
E0000 00:00:1764109018.785528    2198 plugin_credentials.cc:79] validate_metadata_from_plugin: INTERNAL:Illegal header value
E0000 00:00:1764109018.785561    2198 plugin_credentials.cc:82] Plugin added invalid metadata value.
E0000 00:00:1764109028.520561    2198 plugin_credentials.cc:79] validate_metadata_from_plugin: INTERNAL:Illegal header value
E0000 00:00:1764109028.520601    2198 plugin_credentials.cc:82] Plugin added invalid metadata value.
E0000 00:00:1764109036.297093    2198 plugin_credentials.cc:79] validate_metadata_from_plugin: INTERNAL:Illegal header value
E0000 00:00:1764109036.297125    2198 plugin_credentials.cc:82] Plugin added invalid metadata value.
E0000 00:00:1764109045.860168    2198 plugin_credentials.cc:79] validate_metadata_from_plugin: INTERNAL:Illegal header value
E0000 00:00:1764109045.860201    2198 plugin_credentials.cc:82] Plugin added invalid metadata value.
E0000 00:00:1764109047.354596    2198 plugin_credentials.cc:79] validate_metadata_from_plugin: INTERNAL:Illegal header value
E0000 00:00:1764109047.354627    2198 plugin_credentials.cc:82] Plugin added invalid metadata value.
E0000 00:00:1764109047.880965    2198 plugin_credentials.cc:79] validate_metadata_from_plugin: INTERNAL:Illegal header value
E0000 00:00:1764109047.880985    2198 plugin_credentials.cc:82] Plugin added invalid metadata value.
E0000 00:00:1764109054.609358    2198 plugin_credentials.cc:79] validate_metadata_from_plugin: INTERNAL:Illegal header value
E0000 00:00:1764109054.609389    2198 plugin_credentials.cc:82] Plugin added invalid metadata value.
E0000 00:00:1764109060.117568    2198 plugin_credentials.cc:79] validate_metadata_from_plugin: INTERNAL:Illegal header value
E0000 00:00:1764109060.117607    2198 plugin_credentials.cc:82] Plugin added invalid metadata value.
E0000 00:00:1764109065.391504    2198 plugin_credentials.cc:79] validate_metadata_from_plugin: INTERNAL:Illegal header value
E0000 00:00:1764109065.391538    2198 plugin_credentials.cc:82] Plugin added invalid metadata value.
E0000 00:00:1764109066.195554    2198 plugin_credentials.cc:79] validate_metadata_from_plugin: INTERNAL:Illegal header value
E0000 00:00:1764109066.195588    2198 plugin_credentials.cc:82] Plugin added invalid metadata value.
E0000 00:00:1764109067.822434    2198 plugin_credentials.cc:79] validate_metadata_from_plugin: INTERNAL:Illegal header value
E0000 00:00:1764109067.822471    2198 plugin_credentials.cc:82] Plugin added invalid metadata value.
E0000 00:00:1764109076.007179    2198 plugin_credentials.cc:79] validate_metadata_from_plugin: INTERNAL:Illegal header value
E0000 00:00:1764109076.007220    2198 plugin_credentials.cc:82] Plugin added invalid metadata value.
E0000 00:00:1764109083.689704    2198 plugin_credentials.cc:79] validate_metadata_from_plugin: INTERNAL:Illegal header value
E0000 00:00:1764109083.689739    2198 plugin_credentials.cc:82] Plugin added invalid metadata value.
E0000 00:00:1764109091.056725    2198 plugin_credentials.cc:79] validate_metadata_from_plugin: INTERNAL:Illegal header value
E0000 00:00:1764109091.056765    2198 plugin_credentials.cc:82] Plugin added invalid metadata value.
E0000 00:00:1764109091.636708    2198 plugin_credentials.cc:79] validate_metadata_from_plugin: INTERNAL:Illegal header value
E0000 00:00:1764109091.636722    2198 plugin_credentials.cc:82] Plugin added invalid metadata value.
E0000 00:00:1764109093.710788    2198 plugin_credentials.cc:79] validate_metadata_from_plugin: INTERNAL:Illegal header value
E0000 00:00:1764109093.710808    2198 plugin_credentials.cc:82] Plugin added invalid metadata value.
E0000 00:00:1764109094.081293    2198 plugin_credentials.cc:79] validate_metadata_from_plugin: INTERNAL:Illegal header value
E0000 00:00:1764109094.081316    2198 plugin_credentials.cc:82] Plugin added invalid metadata value.
E0000 00:00:1764109101.729152    2198 plugin_credentials.cc:79] validate_metadata_from_plugin: INTERNAL:Illegal header value
E0000 00:00:1764109101.729182    2198 plugin_credentials.cc:82] Plugin added invalid metadata value.
E0000 00:00:1764109104.790022    2198 plugin_credentials.cc:79] validate_metadata_from_plugin: INTERNAL:Illegal header value
E0000 00:00:1764109104.790040    2198 plugin_credentials.cc:82] Plugin added invalid metadata value.
E0000 00:00:1764109104.851262    2198 plugin_credentials.cc:79] validate_metadata_from_plugin: INTERNAL:Illegal header value
E0000 00:00:1764109104.851287    2198 plugin_credentials.cc:82] Plugin added invalid metadata value.
E0000 00:00:1764109111.506342    2198 plugin_credentials.cc:79] validate_metadata_from_plugin: INTERNAL:Illegal header value
E0000 00:00:1764109111.506368    2198 plugin_credentials.cc:82] Plugin added invalid metadata value.
E0000 00:00:1764109120.484308    2198 plugin_credentials.cc:79] validate_metadata_from_plugin: INTERNAL:Illegal header value
E0000 00:00:1764109120.484338    2198 plugin_credentials.cc:82] Plugin added invalid metadata value.
E0000 00:00:1764109127.985486    2198 plugin_credentials.cc:79] validate_metadata_from_plugin: INTERNAL:Illegal header value
E0000 00:00:1764109127.985513    2198 plugin_credentials.cc:82] Plugin added invalid metadata value.
E0000 00:00:1764109136.729990    2198 plugin_credentials.cc:79] validate_metadata_from_plugin: INTERNAL:Illegal header value
E0000 00:00:1764109136.730019    2198 plugin_credentials.cc:82] Plugin added invalid metadata value.
E0000 00:00:1764109142.567098    2198 plugin_credentials.cc:79] validate_metadata_from_plugin: INTERNAL:Illegal header value
E0000 00:00:1764109142.567132    2198 plugin_credentials.cc:82] Plugin added invalid metadata value.
E0000 00:00:1764109151.476140    2198 plugin_credentials.cc:79] validate_metadata_from_plugin: INTERNAL:Illegal header value
E0000 00:00:1764109151.476171    2198 plugin_credentials.cc:82] Plugin added invalid metadata value.
E0000 00:00:1764109161.065169    2198 plugin_credentials.cc:79] validate_metadata_from_plugin: INTERNAL:Illegal header value
E0000 00:00:1764109161.065201    2198 plugin_credentials.cc:82] Plugin added invalid metadata value.
E0000 00:00:1764109167.493957    2198 plugin_credentials.cc:79] validate_metadata_from_plugin: INTERNAL:Illegal header value
E0000 00:00:1764109167.493992    2198 plugin_credentials.cc:82] Plugin added invalid metadata value.
E0000 00:00:1764109176.719359    2198 plugin_credentials.cc:79] validate_metadata_from_plugin: INTERNAL:Illegal header value
E0000 00:00:1764109176.719390    2198 plugin_credentials.cc:82] Plugin added invalid metadata value.
E0000 00:00:1764109179.611457    2198 plugin_credentials.cc:79] validate_metadata_from_plugin: INTERNAL:Illegal header value
E0000 00:00:1764109179.611480    2198 plugin_credentials.cc:82] Plugin added invalid metadata value.
E0000 00:00:1764109184.838598    2198 plugin_credentials.cc:79] validate_metadata_from_plugin: INTERNAL:Illegal header value
E0000 00:00:1764109184.838626    2198 plugin_credentials.cc:82] Plugin added invalid metadata value.
E0000 00:00:1764109185.068704    2198 plugin_credentials.cc:79] validate_metadata_from_plugin: INTERNAL:Illegal header value
E0000 00:00:1764109185.068733    2198 plugin_credentials.cc:82] Plugin added invalid metadata value.
E0000 00:00:1764109192.915111    2198 plugin_credentials.cc:79] validate_metadata_from_plugin: INTERNAL:Illegal header value
E0000 00:00:1764109192.915141    2198 plugin_credentials.cc:82] Plugin added invalid metadata value.
E0000 00:00:1764109195.350607    2198 plugin_credentials.cc:79] validate_metadata_from_plugin: INTERNAL:Illegal header value
E0000 00:00:1764109195.350630    2198 plugin_credentials.cc:82] Plugin added invalid metadata value.
E0000 00:00:1764109200.827373    2198 plugin_credentials.cc:79] validate_metadata_from_plugin: INTERNAL:Illegal header value
E0000 00:00:1764109200.827406    2198 plugin_credentials.cc:82] Plugin added invalid metadata value.
E0000 00:00:1764109210.501995    2201 plugin_credentials.cc:79] validate_metadata_from_plugin: INTERNAL:Illegal header value
E0000 00:00:1764109210.502047    2201 plugin_credentials.cc:82] Plugin added invalid metadata value.
E0000 00:00:1764109219.511617    2198 plugin_credentials.cc:79] validate_metadata_from_plugin: INTERNAL:Illegal header value
E0000 00:00:1764109219.511654    2198 plugin_credentials.cc:82] Plugin added invalid metadata value.
E0000 00:00:1764109225.557008    2198 plugin_credentials.cc:79] validate_metadata_from_plugin: INTERNAL:Illegal header value
E0000 00:00:1764109225.557037    2198 plugin_credentials.cc:82] Plugin added invalid metadata value.
E0000 00:00:1764109231.392230    2198 plugin_credentials.cc:79] validate_metadata_from_plugin: INTERNAL:Illegal header value
E0000 00:00:1764109231.392260    2198 plugin_credentials.cc:82] Plugin added invalid metadata value.
E0000 00:00:1764109236.708551    2198 plugin_credentials.cc:79] validate_metadata_from_plugin: INTERNAL:Illegal header value
E0000 00:00:1764109236.708586    2198 plugin_credentials.cc:82] Plugin added invalid metadata value.
E0000 00:00:1764109237.136200    2198 plugin_credentials.cc:79] validate_metadata_from_plugin: INTERNAL:Illegal header value
E0000 00:00:1764109237.136221    2198 plugin_credentials.cc:82] Plugin added invalid metadata value.
E0000 00:00:1764109239.953938    2198 plugin_credentials.cc:79] validate_metadata_from_plugin: INTERNAL:Illegal header value
E0000 00:00:1764109239.953963    2198 plugin_credentials.cc:82] Plugin added invalid metadata value.
E0000 00:00:1764109247.199501    2198 plugin_credentials.cc:79] validate_metadata_from_plugin: INTERNAL:Illegal header value
E0000 00:00:1764109247.199532    2198 plugin_credentials.cc:82] Plugin added invalid metadata value.
E0000 00:00:1764109251.078558    2198 plugin_credentials.cc:79] validate_metadata_from_plugin: INTERNAL:Illegal header value
E0000 00:00:1764109251.078589    2198 plugin_credentials.cc:82] Plugin added invalid metadata value.
E0000 00:00:1764109259.208951    2198 plugin_credentials.cc:79] validate_metadata_from_plugin: INTERNAL:Illegal header value
E0000 00:00:1764109259.208991    2198 plugin_credentials.cc:82] Plugin added invalid metadata value.
E0000 00:00:1764109265.056313    2198 plugin_credentials.cc:79] validate_metadata_from_plugin: INTERNAL:Illegal header value
E0000 00:00:1764109265.056342    2198 plugin_credentials.cc:82] Plugin added invalid metadata value.
E0000 00:00:1764109268.180974    2198 plugin_credentials.cc:79] validate_metadata_from_plugin: INTERNAL:Illegal header value
E0000 00:00:1764109268.180998    2198 plugin_credentials.cc:82] Plugin added invalid metadata value.
E0000 00:00:1764109273.628251    2198 plugin_credentials.cc:79] validate_metadata_from_plugin: INTERNAL:Illegal header value
E0000 00:00:1764109273.628275    2198 plugin_credentials.cc:82] Plugin added invalid metadata value.
E0000 00:00:1764109281.784560    2198 plugin_credentials.cc:79] validate_metadata_from_plugin: INTERNAL:Illegal header value
E0000 00:00:1764109281.784590    2198 plugin_credentials.cc:82] Plugin added invalid metadata value.
E0000 00:00:1764109288.853283    2198 plugin_credentials.cc:79] validate_metadata_from_plugin: INTERNAL:Illegal header value
E0000 00:00:1764109288.853308    2198 plugin_credentials.cc:82] Plugin added invalid metadata value.
E0000 00:00:1764109291.017953    2198 plugin_credentials.cc:79] validate_metadata_from_plugin: INTERNAL:Illegal header value
E0000 00:00:1764109291.017975    2198 plugin_credentials.cc:82] Plugin added invalid metadata value.
E0000 00:00:1764109299.559915    2198 plugin_credentials.cc:79] validate_metadata_from_plugin: INTERNAL:Illegal header value
E0000 00:00:1764109299.559953    2198 plugin_credentials.cc:82] Plugin added invalid metadata value.
E0000 00:00:1764109301.497935    2198 plugin_credentials.cc:79] validate_metadata_from_plugin: INTERNAL:Illegal header value
E0000 00:00:1764109301.497952    2198 plugin_credentials.cc:82] Plugin added invalid metadata value.
E0000 00:00:1764109306.663692    2198 plugin_credentials.cc:79] validate_metadata_from_plugin: INTERNAL:Illegal header value
E0000 00:00:1764109306.663720    2198 plugin_credentials.cc:82] Plugin added invalid metadata value.
E0000 00:00:1764109308.622708    2198 plugin_credentials.cc:79] validate_metadata_from_plugin: INTERNAL:Illegal header value
E0000 00:00:1764109308.622730    2198 plugin_credentials.cc:82] Plugin added invalid metadata value.
E0000 00:00:1764109312.717173    2198 plugin_credentials.cc:79] validate_metadata_from_plugin: INTERNAL:Illegal header value
E0000 00:00:1764109312.717198    2198 plugin_credentials.cc:82] Plugin added invalid metadata value.
E0000 00:00:1764109313.601450    2198 plugin_credentials.cc:79] validate_metadata_from_plugin: INTERNAL:Illegal header value
E0000 00:00:1764109313.601494    2198 plugin_credentials.cc:82] Plugin added invalid metadata value.
E0000 00:00:1764109322.399962    2198 plugin_credentials.cc:79] validate_metadata_from_plugin: INTERNAL:Illegal header value
E0000 00:00:1764109322.399999    2198 plugin_credentials.cc:82] Plugin added invalid metadata value.
E0000 00:00:1764109328.685685    2198 plugin_credentials.cc:79] validate_metadata_from_plugin: INTERNAL:Illegal header value
E0000 00:00:1764109328.685723    2198 plugin_credentials.cc:82] Plugin added invalid metadata value.
E0000 00:00:1764109332.893677    2198 plugin_credentials.cc:79] validate_metadata_from_plugin: INTERNAL:Illegal header value
E0000 00:00:1764109332.893710    2198 plugin_credentials.cc:82] Plugin added invalid metadata value.
E0000 00:00:1764109333.327749    2198 plugin_credentials.cc:79] validate_metadata_from_plugin: INTERNAL:Illegal header value
E0000 00:00:1764109333.327780    2198 plugin_credentials.cc:82] Plugin added invalid metadata value.
E0000 00:00:1764109340.301453    2198 plugin_credentials.cc:79] validate_metadata_from_plugin: INTERNAL:Illegal header value
E0000 00:00:1764109340.301495    2198 plugin_credentials.cc:82] Plugin added invalid metadata value.
E0000 00:00:1764109341.853888    2198 plugin_credentials.cc:79] validate_metadata_from_plugin: INTERNAL:Illegal header value
E0000 00:00:1764109341.853924    2198 plugin_credentials.cc:82] Plugin added invalid metadata value.
E0000 00:00:1764109350.059403    2198 plugin_credentials.cc:79] validate_metadata_from_plugin: INTERNAL:Illegal header value
E0000 00:00:1764109350.059446    2198 plugin_credentials.cc:82] Plugin added invalid metadata value.
E0000 00:00:1764109350.128601    2198 plugin_credentials.cc:79] validate_metadata_from_plugin: INTERNAL:Illegal header value
E0000 00:00:1764109350.128619    2198 plugin_credentials.cc:82] Plugin added invalid metadata value.
E0000 00:00:1764109354.235383    2198 plugin_credentials.cc:79] validate_metadata_from_plugin: INTERNAL:Illegal header value
E0000 00:00:1764109354.235418    2198 plugin_credentials.cc:82] Plugin added invalid metadata value.
E0000 00:00:1764109356.059712    2198 plugin_credentials.cc:79] validate_metadata_from_plugin: INTERNAL:Illegal header value
E0000 00:00:1764109356.059750    2198 plugin_credentials.cc:82] Plugin added invalid metadata value.
E0000 00:00:1764109359.149964    2198 plugin_credentials.cc:79] validate_metadata_from_plugin: INTERNAL:Illegal header value
E0000 00:00:1764109359.150003    2198 plugin_credentials.cc:82] Plugin added invalid metadata value.
E0000 00:00:1764109367.178838    2198 plugin_credentials.cc:79] validate_metadata_from_plugin: INTERNAL:Illegal header value
E0000 00:00:1764109367.178884    2198 plugin_credentials.cc:82] Plugin added invalid metadata value.
E0000 00:00:1764109375.472500    2198 plugin_credentials.cc:79] validate_metadata_from_plugin: INTERNAL:Illegal header value
E0000 00:00:1764109375.472549    2198 plugin_credentials.cc:82] Plugin added invalid metadata value.
E0000 00:00:1764109385.357173    2198 plugin_credentials.cc:79] validate_metadata_from_plugin: INTERNAL:Illegal header value
E0000 00:00:1764109385.357209    2198 plugin_credentials.cc:82] Plugin added invalid metadata value.
E0000 00:00:1764109390.968948    2198 plugin_credentials.cc:79] validate_metadata_from_plugin: INTERNAL:Illegal header value
E0000 00:00:1764109390.968986    2198 plugin_credentials.cc:82] Plugin added invalid metadata value.
E0000 00:00:1764109399.979026    2198 plugin_credentials.cc:79] validate_metadata_from_plugin: INTERNAL:Illegal header value
E0000 00:00:1764109399.979060    2198 plugin_credentials.cc:82] Plugin added invalid metadata value.
E0000 00:00:1764109408.928267    2198 plugin_credentials.cc:79] validate_metadata_from_plugin: INTERNAL:Illegal header value
E0000 00:00:1764109408.928309    2198 plugin_credentials.cc:82] Plugin added invalid metadata value.
E0000 00:00:1764109410.171843    2198 plugin_credentials.cc:79] validate_metadata_from_plugin: INTERNAL:Illegal header value
E0000 00:00:1764109410.171889    2198 plugin_credentials.cc:82] Plugin added invalid metadata value.
E0000 00:00:1764109411.863449    2198 plugin_credentials.cc:79] validate_metadata_from_plugin: INTERNAL:Illegal header value
E0000 00:00:1764109411.863484    2198 plugin_credentials.cc:82] Plugin added invalid metadata value.
E0000 00:00:1764109415.152103    2198 plugin_credentials.cc:79] validate_metadata_from_plugin: INTERNAL:Illegal header value
E0000 00:00:1764109415.152133    2198 plugin_credentials.cc:82] Plugin added invalid metadata value.
E0000 00:00:1764109418.469891    2198 plugin_credentials.cc:79] validate_metadata_from_plugin: INTERNAL:Illegal header value
E0000 00:00:1764109418.469923    2198 plugin_credentials.cc:82] Plugin added invalid metadata value.
E0000 00:00:1764109427.603255    2198 plugin_credentials.cc:79] validate_metadata_from_plugin: INTERNAL:Illegal header value
E0000 00:00:1764109427.603289    2198 plugin_credentials.cc:82] Plugin added invalid metadata value.
E0000 00:00:1764109434.181424    2198 plugin_credentials.cc:79] validate_metadata_from_plugin: INTERNAL:Illegal header value
E0000 00:00:1764109434.181456    2198 plugin_credentials.cc:82] Plugin added invalid metadata value.
E0000 00:00:1764109442.624306    2198 plugin_credentials.cc:79] validate_metadata_from_plugin: INTERNAL:Illegal header value
E0000 00:00:1764109442.624342    2198 plugin_credentials.cc:82] Plugin added invalid metadata value.
E0000 00:00:1764109447.243096    2198 plugin_credentials.cc:79] validate_metadata_from_plugin: INTERNAL:Illegal header value
E0000 00:00:1764109447.243132    2198 plugin_credentials.cc:82] Plugin added invalid metadata value.
E0000 00:00:1764109450.096760    2198 plugin_credentials.cc:79] validate_metadata_from_plugin: INTERNAL:Illegal header value
E0000 00:00:1764109450.096797    2198 plugin_credentials.cc:82] Plugin added invalid metadata value.
E0000 00:00:1764109458.522382    2202 plugin_credentials.cc:79] validate_metadata_from_plugin: INTERNAL:Illegal header value
E0000 00:00:1764109458.522418    2202 plugin_credentials.cc:82] Plugin added invalid metadata value.
E0000 00:00:1764109465.295595    2198 plugin_credentials.cc:79] validate_metadata_from_plugin: INTERNAL:Illegal header value
E0000 00:00:1764109465.295642    2198 plugin_credentials.cc:82] Plugin added invalid metadata value.
E0000 00:00:1764109474.564497    2198 plugin_credentials.cc:79] validate_metadata_from_plugin: INTERNAL:Illegal header value
E0000 00:00:1764109474.564541    2198 plugin_credentials.cc:82] Plugin added invalid metadata value.
E0000 00:00:1764109477.030278    2198 plugin_credentials.cc:79] validate_metadata_from_plugin: INTERNAL:Illegal header value
E0000 00:00:1764109477.030310    2198 plugin_credentials.cc:82] Plugin added invalid metadata value.
E0000 00:00:1764109483.060877    2198 plugin_credentials.cc:79] validate_metadata_from_plugin: INTERNAL:Illegal header value
E0000 00:00:1764109483.060927    2198 plugin_credentials.cc:82] Plugin added invalid metadata value.
E0000 00:00:1764109487.843165    2198 plugin_credentials.cc:79] validate_metadata_from_plugin: INTERNAL:Illegal header value
E0000 00:00:1764109487.843198    2198 plugin_credentials.cc:82] Plugin added invalid metadata value.
E0000 00:00:1764109494.005195    2198 plugin_credentials.cc:79] validate_metadata_from_plugin: INTERNAL:Illegal header value
E0000 00:00:1764109494.005231    2198 plugin_credentials.cc:82] Plugin added invalid metadata value.
E0000 00:00:1764109502.583339    2198 plugin_credentials.cc:79] validate_metadata_from_plugin: INTERNAL:Illegal header value
E0000 00:00:1764109502.583380    2198 plugin_credentials.cc:82] Plugin added invalid metadata value.
E0000 00:00:1764109510.859756    2198 plugin_credentials.cc:79] validate_metadata_from_plugin: INTERNAL:Illegal header value
E0000 00:00:1764109510.859791    2198 plugin_credentials.cc:82] Plugin added invalid metadata value.
E0000 00:00:1764109513.562091    2198 plugin_credentials.cc:79] validate_metadata_from_plugin: INTERNAL:Illegal header value
E0000 00:00:1764109513.562116    2198 plugin_credentials.cc:82] Plugin added invalid metadata value.
E0000 00:00:1764109520.857944    2198 plugin_credentials.cc:79] validate_metadata_from_plugin: INTERNAL:Illegal header value
E0000 00:00:1764109520.857981    2198 plugin_credentials.cc:82] Plugin added invalid metadata value.
E0000 00:00:1764109525.777748    2198 plugin_credentials.cc:79] validate_metadata_from_plugin: INTERNAL:Illegal header value
E0000 00:00:1764109525.777788    2198 plugin_credentials.cc:82] Plugin added invalid metadata value.
E0000 00:00:1764109528.467472    2198 plugin_credentials.cc:79] validate_metadata_from_plugin: INTERNAL:Illegal header value
E0000 00:00:1764109528.467499    2198 plugin_credentials.cc:82] Plugin added invalid metadata value.
E0000 00:00:1764109533.061470    2198 plugin_credentials.cc:79] validate_metadata_from_plugin: INTERNAL:Illegal header value
E0000 00:00:1764109533.061500    2198 plugin_credentials.cc:82] Plugin added invalid metadata value.
E0000 00:00:1764109540.387038    2198 plugin_credentials.cc:79] validate_metadata_from_plugin: INTERNAL:Illegal header value
E0000 00:00:1764109540.387066    2198 plugin_credentials.cc:82] Plugin added invalid metadata value.
E0000 00:00:1764109543.954317    2198 plugin_credentials.cc:79] validate_metadata_from_plugin: INTERNAL:Illegal header value
E0000 00:00:1764109543.954350    2198 plugin_credentials.cc:82] Plugin added invalid metadata value.
E0000 00:00:1764109546.695498    2198 plugin_credentials.cc:79] validate_metadata_from_plugin: INTERNAL:Illegal header value
E0000 00:00:1764109546.695523    2198 plugin_credentials.cc:82] Plugin added invalid metadata value.
E0000 00:00:1764109546.883321    2198 plugin_credentials.cc:79] validate_metadata_from_plugin: INTERNAL:Illegal header value
E0000 00:00:1764109546.883341    2198 plugin_credentials.cc:82] Plugin added invalid metadata value.
E0000 00:00:1764109555.534665    2198 plugin_credentials.cc:79] validate_metadata_from_plugin: INTERNAL:Illegal header value
E0000 00:00:1764109555.534709    2198 plugin_credentials.cc:82] Plugin added invalid metadata value.
[600.1초] ✗ Gemini API 오류: Timeout of 600.0s exceeded, last exception: 503 Illegal metadata
[600.1초] Traceback (most recent call last):
  File "/opt/hostedtoolcache/Python/3.11.14/x64/lib/python3.11/site-packages/google/api_core/grpc_helpers.py", line 75, in error_remapped_callable
    return callable_(*args, **kwargs)
           ^^^^^^^^^^^^^^^^^^^^^^^^^^
  File "/opt/hostedtoolcache/Python/3.11.14/x64/lib/python3.11/site-packages/grpc/_interceptor.py", line 276, in __call__
    response, ignored_call = self._with_call(
                             ^^^^^^^^^^^^^^^^
  File "/opt/hostedtoolcache/Python/3.11.14/x64/lib/python3.11/site-packages/grpc/_interceptor.py", line 331, in _with_call
    return call.result(), call
           ^^^^^^^^^^^^^
  File "/opt/hostedtoolcache/Python/3.11.14/x64/lib/python3.11/site-packages/grpc/_channel.py", line 438, in result
    raise self
  File "/opt/hostedtoolcache/Python/3.11.14/x64/lib/python3.11/site-packages/grpc/_interceptor.py", line 314, in continuation
    response, call = self._thunk(new_method).with_call(
                     ^^^^^^^^^^^^^^^^^^^^^^^^^^^^^^^^^^
  File "/opt/hostedtoolcache/Python/3.11.14/x64/lib/python3.11/site-packages/grpc/_channel.py", line 1180, in with_call
    return _end_unary_response_blocking(state, call, True, None)
           ^^^^^^^^^^^^^^^^^^^^^^^^^^^^^^^^^^^^^^^^^^^^^^^^^^^^^
  File "/opt/hostedtoolcache/Python/3.11.14/x64/lib/python3.11/site-packages/grpc/_channel.py", line 996, in _end_unary_response_blocking
    raise _InactiveRpcError(state)  # pytype: disable=not-instantiable
    ^^^^^^^^^^^^^^^^^^^^^^^^^^^^^^
grpc._channel._InactiveRpcError: <_InactiveRpcError of RPC that terminated with:
	status = StatusCode.UNAVAILABLE
	details = "Illegal metadata"
	debug_error_string = "UNKNOWN:Error received from peer  {grpc_message:"Illegal metadata", grpc_status:14}"
>

The above exception was the direct cause of the following exception:

Traceback (most recent call last):
  File "/opt/hostedtoolcache/Python/3.11.14/x64/lib/python3.11/site-packages/google/api_core/retry/retry_unary.py", line 147, in retry_target
    result = target()
             ^^^^^^^^
  File "/opt/hostedtoolcache/Python/3.11.14/x64/lib/python3.11/site-packages/google/api_core/timeout.py", line 130, in func_with_timeout
    return func(*args, **kwargs)
           ^^^^^^^^^^^^^^^^^^^^^
  File "/opt/hostedtoolcache/Python/3.11.14/x64/lib/python3.11/site-packages/google/api_core/grpc_helpers.py", line 77, in error_remapped_callable
    raise exceptions.from_grpc_error(exc) from exc
google.api_core.exceptions.ServiceUnavailable: 503 Illegal metadata

The above exception was the direct cause of the following exception:

Traceback (most recent call last):
  File "/home/runner/work/-labor-newsletter/-labor-newsletter/main.py", line 63, in <module>
    response = model.generate_content("Hello, World!")
               ^^^^^^^^^^^^^^^^^^^^^^^^^^^^^^^^^^^^^^^
  File "/opt/hostedtoolcache/Python/3.11.14/x64/lib/python3.11/site-packages/google/generativeai/generative_models.py", line 331, in generate_content
    response = self._client.generate_content(
               ^^^^^^^^^^^^^^^^^^^^^^^^^^^^^^
  File "/opt/hostedtoolcache/Python/3.11.14/x64/lib/python3.11/site-packages/google/ai/generativelanguage_v1beta/services/generative_service/client.py", line 835, in generate_content
    response = rpc(
               ^^^^
  File "/opt/hostedtoolcache/Python/3.11.14/x64/lib/python3.11/site-packages/google/api_core/gapic_v1/method.py", line 131, in __call__
    return wrapped_func(*args, **kwargs)
           ^^^^^^^^^^^^^^^^^^^^^^^^^^^^^
  File "/opt/hostedtoolcache/Python/3.11.14/x64/lib/python3.11/site-packages/google/api_core/retry/retry_unary.py", line 294, in retry_wrapped_func
    return retry_target(
           ^^^^^^^^^^^^^
  File "/opt/hostedtoolcache/Python/3.11.14/x64/lib/python3.11/site-packages/google/api_core/retry/retry_unary.py", line 156, in retry_target
    next_sleep = _retry_error_helper(
                 ^^^^^^^^^^^^^^^^^^^^
  File "/opt/hostedtoolcache/Python/3.11.14/x64/lib/python3.11/site-packages/google/api_core/retry/retry_base.py", line 229, in _retry_error_helper
    raise final_exc from source_exc
google.api_core.exceptions.RetryError: Timeout of 600.0s exceeded, last exception: 503 Illegal metadata

[600.1초] RSS 피드 테스트...
[600.5초] ✓ RSS 피드 접근 가능: 상태 코드=403
[600.9초] ✓ RSS 피드 파싱 성공: 1개 항목 발견
[600.9초] 스크립트 실행 완료!
