[0.0초] 스크립트 시작
[0.0초] 환경 설정 확인
[0.0초] Python 버전: 3.11.12 (main, Apr  8 2025, 21:35:04) [GCC 13.3.0]
[0.0초] API 키 설정: 예
[0.0초] 이메일 설정: 예
[0.0초] 필수 모듈 로드 시도...
[0.1초] ✓ feedparser 로드 성공
[0.1초] ✓ BeautifulSoup 로드 성공
[0.1초] ✓ pytz 로드 성공
[0.5초] ✓ google.generativeai 로드 성공
[0.5초] Gemini API 설정 완료, 연결 테스트 시도...
WARNING: All log messages before absl::InitializeLog() is called are written to STDERR
E0000 00:00:1747865668.444672    2041 plugin_credentials.cc:79] validate_metadata_from_plugin: INTERNAL:Illegal header value
E0000 00:00:1747865668.444702    2041 plugin_credentials.cc:82] Plugin added invalid metadata value.
E0000 00:00:1747865668.714187    2034 plugin_credentials.cc:79] validate_metadata_from_plugin: INTERNAL:Illegal header value
E0000 00:00:1747865668.714214    2034 plugin_credentials.cc:82] Plugin added invalid metadata value.
E0000 00:00:1747865669.214575    2034 plugin_credentials.cc:79] validate_metadata_from_plugin: INTERNAL:Illegal header value
E0000 00:00:1747865669.214629    2034 plugin_credentials.cc:82] Plugin added invalid metadata value.
E0000 00:00:1747865669.945222    2034 plugin_credentials.cc:79] validate_metadata_from_plugin: INTERNAL:Illegal header value
E0000 00:00:1747865669.945239    2034 plugin_credentials.cc:82] Plugin added invalid metadata value.
E0000 00:00:1747865671.575145    2034 plugin_credentials.cc:79] validate_metadata_from_plugin: INTERNAL:Illegal header value
E0000 00:00:1747865671.575182    2034 plugin_credentials.cc:82] Plugin added invalid metadata value.
E0000 00:00:1747865673.099997    2034 plugin_credentials.cc:79] validate_metadata_from_plugin: INTERNAL:Illegal header value
E0000 00:00:1747865673.100035    2034 plugin_credentials.cc:82] Plugin added invalid metadata value.
E0000 00:00:1747865674.296088    2034 plugin_credentials.cc:79] validate_metadata_from_plugin: INTERNAL:Illegal header value
E0000 00:00:1747865674.296122    2034 plugin_credentials.cc:82] Plugin added invalid metadata value.
E0000 00:00:1747865675.202746    2034 plugin_credentials.cc:79] validate_metadata_from_plugin: INTERNAL:Illegal header value
E0000 00:00:1747865675.202775    2034 plugin_credentials.cc:82] Plugin added invalid metadata value.
E0000 00:00:1747865677.690196    2034 plugin_credentials.cc:79] validate_metadata_from_plugin: INTERNAL:Illegal header value
E0000 00:00:1747865677.690228    2034 plugin_credentials.cc:82] Plugin added invalid metadata value.
E0000 00:00:1747865681.254713    2034 plugin_credentials.cc:79] validate_metadata_from_plugin: INTERNAL:Illegal header value
E0000 00:00:1747865681.254747    2034 plugin_credentials.cc:82] Plugin added invalid metadata value.
E0000 00:00:1747865684.279785    2034 plugin_credentials.cc:79] validate_metadata_from_plugin: INTERNAL:Illegal header value
E0000 00:00:1747865684.279818    2034 plugin_credentials.cc:82] Plugin added invalid metadata value.
E0000 00:00:1747865688.358896    2034 plugin_credentials.cc:79] validate_metadata_from_plugin: INTERNAL:Illegal header value
E0000 00:00:1747865688.358925    2034 plugin_credentials.cc:82] Plugin added invalid metadata value.
E0000 00:00:1747865696.272242    2034 plugin_credentials.cc:79] validate_metadata_from_plugin: INTERNAL:Illegal header value
E0000 00:00:1747865696.272279    2034 plugin_credentials.cc:82] Plugin added invalid metadata value.
E0000 00:00:1747865705.758441    2034 plugin_credentials.cc:79] validate_metadata_from_plugin: INTERNAL:Illegal header value
E0000 00:00:1747865705.758479    2034 plugin_credentials.cc:82] Plugin added invalid metadata value.
E0000 00:00:1747865712.276132    2034 plugin_credentials.cc:79] validate_metadata_from_plugin: INTERNAL:Illegal header value
E0000 00:00:1747865712.276166    2034 plugin_credentials.cc:82] Plugin added invalid metadata value.
E0000 00:00:1747865715.016899    2034 plugin_credentials.cc:79] validate_metadata_from_plugin: INTERNAL:Illegal header value
E0000 00:00:1747865715.016928    2034 plugin_credentials.cc:82] Plugin added invalid metadata value.
E0000 00:00:1747865721.044365    2034 plugin_credentials.cc:79] validate_metadata_from_plugin: INTERNAL:Illegal header value
E0000 00:00:1747865721.044392    2034 plugin_credentials.cc:82] Plugin added invalid metadata value.
E0000 00:00:1747865728.720579    2034 plugin_credentials.cc:79] validate_metadata_from_plugin: INTERNAL:Illegal header value
E0000 00:00:1747865728.720611    2034 plugin_credentials.cc:82] Plugin added invalid metadata value.
E0000 00:00:1747865731.955132    2034 plugin_credentials.cc:79] validate_metadata_from_plugin: INTERNAL:Illegal header value
E0000 00:00:1747865731.955168    2034 plugin_credentials.cc:82] Plugin added invalid metadata value.
E0000 00:00:1747865737.454921    2034 plugin_credentials.cc:79] validate_metadata_from_plugin: INTERNAL:Illegal header value
E0000 00:00:1747865737.454957    2034 plugin_credentials.cc:82] Plugin added invalid metadata value.
E0000 00:00:1747865746.119892    2034 plugin_credentials.cc:79] validate_metadata_from_plugin: INTERNAL:Illegal header value
E0000 00:00:1747865746.119931    2034 plugin_credentials.cc:82] Plugin added invalid metadata value.
E0000 00:00:1747865749.162189    2034 plugin_credentials.cc:79] validate_metadata_from_plugin: INTERNAL:Illegal header value
E0000 00:00:1747865749.162222    2034 plugin_credentials.cc:82] Plugin added invalid metadata value.
E0000 00:00:1747865750.047013    2034 plugin_credentials.cc:79] validate_metadata_from_plugin: INTERNAL:Illegal header value
E0000 00:00:1747865750.047037    2034 plugin_credentials.cc:82] Plugin added invalid metadata value.
E0000 00:00:1747865758.111088    2034 plugin_credentials.cc:79] validate_metadata_from_plugin: INTERNAL:Illegal header value
E0000 00:00:1747865758.111118    2034 plugin_credentials.cc:82] Plugin added invalid metadata value.
E0000 00:00:1747865764.809617    2034 plugin_credentials.cc:79] validate_metadata_from_plugin: INTERNAL:Illegal header value
E0000 00:00:1747865764.809651    2034 plugin_credentials.cc:82] Plugin added invalid metadata value.
E0000 00:00:1747865767.337783    2034 plugin_credentials.cc:79] validate_metadata_from_plugin: INTERNAL:Illegal header value
E0000 00:00:1747865767.337819    2034 plugin_credentials.cc:82] Plugin added invalid metadata value.
E0000 00:00:1747865772.012912    2034 plugin_credentials.cc:79] validate_metadata_from_plugin: INTERNAL:Illegal header value
E0000 00:00:1747865772.012949    2034 plugin_credentials.cc:82] Plugin added invalid metadata value.
E0000 00:00:1747865776.013485    2034 plugin_credentials.cc:79] validate_metadata_from_plugin: INTERNAL:Illegal header value
E0000 00:00:1747865776.013521    2034 plugin_credentials.cc:82] Plugin added invalid metadata value.
E0000 00:00:1747865777.580172    2034 plugin_credentials.cc:79] validate_metadata_from_plugin: INTERNAL:Illegal header value
E0000 00:00:1747865777.580203    2034 plugin_credentials.cc:82] Plugin added invalid metadata value.
E0000 00:00:1747865782.551011    2034 plugin_credentials.cc:79] validate_metadata_from_plugin: INTERNAL:Illegal header value
E0000 00:00:1747865782.551049    2034 plugin_credentials.cc:82] Plugin added invalid metadata value.
E0000 00:00:1747865782.982102    2034 plugin_credentials.cc:79] validate_metadata_from_plugin: INTERNAL:Illegal header value
E0000 00:00:1747865782.982124    2034 plugin_credentials.cc:82] Plugin added invalid metadata value.
E0000 00:00:1747865788.185733    2034 plugin_credentials.cc:79] validate_metadata_from_plugin: INTERNAL:Illegal header value
E0000 00:00:1747865788.185762    2034 plugin_credentials.cc:82] Plugin added invalid metadata value.
E0000 00:00:1747865796.180132    2034 plugin_credentials.cc:79] validate_metadata_from_plugin: INTERNAL:Illegal header value
E0000 00:00:1747865796.180174    2034 plugin_credentials.cc:82] Plugin added invalid metadata value.
E0000 00:00:1747865804.939355    2034 plugin_credentials.cc:79] validate_metadata_from_plugin: INTERNAL:Illegal header value
E0000 00:00:1747865804.939394    2034 plugin_credentials.cc:82] Plugin added invalid metadata value.
E0000 00:00:1747865813.466301    2034 plugin_credentials.cc:79] validate_metadata_from_plugin: INTERNAL:Illegal header value
E0000 00:00:1747865813.466340    2034 plugin_credentials.cc:82] Plugin added invalid metadata value.
E0000 00:00:1747865817.580993    2034 plugin_credentials.cc:79] validate_metadata_from_plugin: INTERNAL:Illegal header value
E0000 00:00:1747865817.581027    2034 plugin_credentials.cc:82] Plugin added invalid metadata value.
E0000 00:00:1747865823.914253    2034 plugin_credentials.cc:79] validate_metadata_from_plugin: INTERNAL:Illegal header value
E0000 00:00:1747865823.914285    2034 plugin_credentials.cc:82] Plugin added invalid metadata value.
E0000 00:00:1747865825.691333    2034 plugin_credentials.cc:79] validate_metadata_from_plugin: INTERNAL:Illegal header value
E0000 00:00:1747865825.691366    2034 plugin_credentials.cc:82] Plugin added invalid metadata value.
E0000 00:00:1747865833.339312    2034 plugin_credentials.cc:79] validate_metadata_from_plugin: INTERNAL:Illegal header value
E0000 00:00:1747865833.339358    2034 plugin_credentials.cc:82] Plugin added invalid metadata value.
E0000 00:00:1747865834.407654    2034 plugin_credentials.cc:79] validate_metadata_from_plugin: INTERNAL:Illegal header value
E0000 00:00:1747865834.407687    2034 plugin_credentials.cc:82] Plugin added invalid metadata value.
E0000 00:00:1747865839.798281    2034 plugin_credentials.cc:79] validate_metadata_from_plugin: INTERNAL:Illegal header value
E0000 00:00:1747865839.798317    2034 plugin_credentials.cc:82] Plugin added invalid metadata value.
E0000 00:00:1747865844.790627    2034 plugin_credentials.cc:79] validate_metadata_from_plugin: INTERNAL:Illegal header value
E0000 00:00:1747865844.790664    2034 plugin_credentials.cc:82] Plugin added invalid metadata value.
E0000 00:00:1747865851.711450    2034 plugin_credentials.cc:79] validate_metadata_from_plugin: INTERNAL:Illegal header value
E0000 00:00:1747865851.711487    2034 plugin_credentials.cc:82] Plugin added invalid metadata value.
E0000 00:00:1747865853.297165    2034 plugin_credentials.cc:79] validate_metadata_from_plugin: INTERNAL:Illegal header value
E0000 00:00:1747865853.297195    2034 plugin_credentials.cc:82] Plugin added invalid metadata value.
E0000 00:00:1747865857.624297    2034 plugin_credentials.cc:79] validate_metadata_from_plugin: INTERNAL:Illegal header value
E0000 00:00:1747865857.624329    2034 plugin_credentials.cc:82] Plugin added invalid metadata value.
E0000 00:00:1747865864.850935    2034 plugin_credentials.cc:79] validate_metadata_from_plugin: INTERNAL:Illegal header value
E0000 00:00:1747865864.850972    2034 plugin_credentials.cc:82] Plugin added invalid metadata value.
E0000 00:00:1747865870.050924    2034 plugin_credentials.cc:79] validate_metadata_from_plugin: INTERNAL:Illegal header value
E0000 00:00:1747865870.050967    2034 plugin_credentials.cc:82] Plugin added invalid metadata value.
E0000 00:00:1747865877.980347    2034 plugin_credentials.cc:79] validate_metadata_from_plugin: INTERNAL:Illegal header value
E0000 00:00:1747865877.980379    2034 plugin_credentials.cc:82] Plugin added invalid metadata value.
E0000 00:00:1747865880.945901    2034 plugin_credentials.cc:79] validate_metadata_from_plugin: INTERNAL:Illegal header value
E0000 00:00:1747865880.945935    2034 plugin_credentials.cc:82] Plugin added invalid metadata value.
E0000 00:00:1747865890.882503    2034 plugin_credentials.cc:79] validate_metadata_from_plugin: INTERNAL:Illegal header value
E0000 00:00:1747865890.882538    2034 plugin_credentials.cc:82] Plugin added invalid metadata value.
E0000 00:00:1747865898.040918    2034 plugin_credentials.cc:79] validate_metadata_from_plugin: INTERNAL:Illegal header value
E0000 00:00:1747865898.040957    2034 plugin_credentials.cc:82] Plugin added invalid metadata value.
E0000 00:00:1747865904.053241    2034 plugin_credentials.cc:79] validate_metadata_from_plugin: INTERNAL:Illegal header value
E0000 00:00:1747865904.053278    2034 plugin_credentials.cc:82] Plugin added invalid metadata value.
E0000 00:00:1747865904.343686    2034 plugin_credentials.cc:79] validate_metadata_from_plugin: INTERNAL:Illegal header value
E0000 00:00:1747865904.343703    2034 plugin_credentials.cc:82] Plugin added invalid metadata value.
E0000 00:00:1747865913.648582    2034 plugin_credentials.cc:79] validate_metadata_from_plugin: INTERNAL:Illegal header value
E0000 00:00:1747865913.648623    2034 plugin_credentials.cc:82] Plugin added invalid metadata value.
E0000 00:00:1747865916.523690    2034 plugin_credentials.cc:79] validate_metadata_from_plugin: INTERNAL:Illegal header value
E0000 00:00:1747865916.523727    2034 plugin_credentials.cc:82] Plugin added invalid metadata value.
E0000 00:00:1747865924.222238    2034 plugin_credentials.cc:79] validate_metadata_from_plugin: INTERNAL:Illegal header value
E0000 00:00:1747865924.222274    2034 plugin_credentials.cc:82] Plugin added invalid metadata value.
E0000 00:00:1747865928.269143    2034 plugin_credentials.cc:79] validate_metadata_from_plugin: INTERNAL:Illegal header value
E0000 00:00:1747865928.269173    2034 plugin_credentials.cc:82] Plugin added invalid metadata value.
E0000 00:00:1747865930.413048    2034 plugin_credentials.cc:79] validate_metadata_from_plugin: INTERNAL:Illegal header value
E0000 00:00:1747865930.413081    2034 plugin_credentials.cc:82] Plugin added invalid metadata value.
E0000 00:00:1747865939.899073    2034 plugin_credentials.cc:79] validate_metadata_from_plugin: INTERNAL:Illegal header value
E0000 00:00:1747865939.899102    2034 plugin_credentials.cc:82] Plugin added invalid metadata value.
E0000 00:00:1747865944.087081    2034 plugin_credentials.cc:79] validate_metadata_from_plugin: INTERNAL:Illegal header value
E0000 00:00:1747865944.087118    2034 plugin_credentials.cc:82] Plugin added invalid metadata value.
E0000 00:00:1747865949.615042    2034 plugin_credentials.cc:79] validate_metadata_from_plugin: INTERNAL:Illegal header value
E0000 00:00:1747865949.615077    2034 plugin_credentials.cc:82] Plugin added invalid metadata value.
E0000 00:00:1747865959.361765    2034 plugin_credentials.cc:79] validate_metadata_from_plugin: INTERNAL:Illegal header value
E0000 00:00:1747865959.361799    2034 plugin_credentials.cc:82] Plugin added invalid metadata value.
E0000 00:00:1747865959.679337    2034 plugin_credentials.cc:79] validate_metadata_from_plugin: INTERNAL:Illegal header value
E0000 00:00:1747865959.679352    2034 plugin_credentials.cc:82] Plugin added invalid metadata value.
E0000 00:00:1747865960.439578    2034 plugin_credentials.cc:79] validate_metadata_from_plugin: INTERNAL:Illegal header value
E0000 00:00:1747865960.439604    2034 plugin_credentials.cc:82] Plugin added invalid metadata value.
E0000 00:00:1747865962.231095    2034 plugin_credentials.cc:79] validate_metadata_from_plugin: INTERNAL:Illegal header value
E0000 00:00:1747865962.231131    2034 plugin_credentials.cc:82] Plugin added invalid metadata value.
E0000 00:00:1747865968.022207    2034 plugin_credentials.cc:79] validate_metadata_from_plugin: INTERNAL:Illegal header value
E0000 00:00:1747865968.022247    2034 plugin_credentials.cc:82] Plugin added invalid metadata value.
E0000 00:00:1747865975.762229    2034 plugin_credentials.cc:79] validate_metadata_from_plugin: INTERNAL:Illegal header value
E0000 00:00:1747865975.762270    2034 plugin_credentials.cc:82] Plugin added invalid metadata value.
E0000 00:00:1747865977.620702    2034 plugin_credentials.cc:79] validate_metadata_from_plugin: INTERNAL:Illegal header value
E0000 00:00:1747865977.620731    2034 plugin_credentials.cc:82] Plugin added invalid metadata value.
E0000 00:00:1747865987.095245    2034 plugin_credentials.cc:79] validate_metadata_from_plugin: INTERNAL:Illegal header value
E0000 00:00:1747865987.095281    2034 plugin_credentials.cc:82] Plugin added invalid metadata value.
E0000 00:00:1747865993.042084    2034 plugin_credentials.cc:79] validate_metadata_from_plugin: INTERNAL:Illegal header value
E0000 00:00:1747865993.042119    2034 plugin_credentials.cc:82] Plugin added invalid metadata value.
E0000 00:00:1747866001.028707    2034 plugin_credentials.cc:79] validate_metadata_from_plugin: INTERNAL:Illegal header value
E0000 00:00:1747866001.028754    2034 plugin_credentials.cc:82] Plugin added invalid metadata value.
E0000 00:00:1747866004.241706    2034 plugin_credentials.cc:79] validate_metadata_from_plugin: INTERNAL:Illegal header value
E0000 00:00:1747866004.241741    2034 plugin_credentials.cc:82] Plugin added invalid metadata value.
E0000 00:00:1747866008.827886    2034 plugin_credentials.cc:79] validate_metadata_from_plugin: INTERNAL:Illegal header value
E0000 00:00:1747866008.827924    2034 plugin_credentials.cc:82] Plugin added invalid metadata value.
E0000 00:00:1747866009.806760    2034 plugin_credentials.cc:79] validate_metadata_from_plugin: INTERNAL:Illegal header value
E0000 00:00:1747866009.806785    2034 plugin_credentials.cc:82] Plugin added invalid metadata value.
E0000 00:00:1747866010.119442    2034 plugin_credentials.cc:79] validate_metadata_from_plugin: INTERNAL:Illegal header value
E0000 00:00:1747866010.119459    2034 plugin_credentials.cc:82] Plugin added invalid metadata value.
E0000 00:00:1747866010.554122    2034 plugin_credentials.cc:79] validate_metadata_from_plugin: INTERNAL:Illegal header value
E0000 00:00:1747866010.554143    2034 plugin_credentials.cc:82] Plugin added invalid metadata value.
E0000 00:00:1747866011.790055    2034 plugin_credentials.cc:79] validate_metadata_from_plugin: INTERNAL:Illegal header value
E0000 00:00:1747866011.790082    2034 plugin_credentials.cc:82] Plugin added invalid metadata value.
E0000 00:00:1747866021.197941    2034 plugin_credentials.cc:79] validate_metadata_from_plugin: INTERNAL:Illegal header value
E0000 00:00:1747866021.197974    2034 plugin_credentials.cc:82] Plugin added invalid metadata value.
E0000 00:00:1747866021.822915    2034 plugin_credentials.cc:79] validate_metadata_from_plugin: INTERNAL:Illegal header value
E0000 00:00:1747866021.822943    2034 plugin_credentials.cc:82] Plugin added invalid metadata value.
E0000 00:00:1747866022.216251    2034 plugin_credentials.cc:79] validate_metadata_from_plugin: INTERNAL:Illegal header value
E0000 00:00:1747866022.216272    2034 plugin_credentials.cc:82] Plugin added invalid metadata value.
E0000 00:00:1747866028.567181    2034 plugin_credentials.cc:79] validate_metadata_from_plugin: INTERNAL:Illegal header value
E0000 00:00:1747866028.567214    2034 plugin_credentials.cc:82] Plugin added invalid metadata value.
E0000 00:00:1747866035.214672    2034 plugin_credentials.cc:79] validate_metadata_from_plugin: INTERNAL:Illegal header value
E0000 00:00:1747866035.214708    2034 plugin_credentials.cc:82] Plugin added invalid metadata value.
E0000 00:00:1747866036.998457    2034 plugin_credentials.cc:79] validate_metadata_from_plugin: INTERNAL:Illegal header value
E0000 00:00:1747866036.998491    2034 plugin_credentials.cc:82] Plugin added invalid metadata value.
E0000 00:00:1747866046.143075    2034 plugin_credentials.cc:79] validate_metadata_from_plugin: INTERNAL:Illegal header value
E0000 00:00:1747866046.143113    2034 plugin_credentials.cc:82] Plugin added invalid metadata value.
E0000 00:00:1747866051.485103    2034 plugin_credentials.cc:79] validate_metadata_from_plugin: INTERNAL:Illegal header value
E0000 00:00:1747866051.485136    2034 plugin_credentials.cc:82] Plugin added invalid metadata value.
E0000 00:00:1747866057.154474    2034 plugin_credentials.cc:79] validate_metadata_from_plugin: INTERNAL:Illegal header value
E0000 00:00:1747866057.154510    2034 plugin_credentials.cc:82] Plugin added invalid metadata value.
E0000 00:00:1747866060.949914    2034 plugin_credentials.cc:79] validate_metadata_from_plugin: INTERNAL:Illegal header value
E0000 00:00:1747866060.949947    2034 plugin_credentials.cc:82] Plugin added invalid metadata value.
E0000 00:00:1747866065.079444    2034 plugin_credentials.cc:79] validate_metadata_from_plugin: INTERNAL:Illegal header value
E0000 00:00:1747866065.079475    2034 plugin_credentials.cc:82] Plugin added invalid metadata value.
E0000 00:00:1747866074.655869    2034 plugin_credentials.cc:79] validate_metadata_from_plugin: INTERNAL:Illegal header value
E0000 00:00:1747866074.655917    2034 plugin_credentials.cc:82] Plugin added invalid metadata value.
E0000 00:00:1747866082.598382    2034 plugin_credentials.cc:79] validate_metadata_from_plugin: INTERNAL:Illegal header value
E0000 00:00:1747866082.598417    2034 plugin_credentials.cc:82] Plugin added invalid metadata value.
E0000 00:00:1747866085.163897    2034 plugin_credentials.cc:79] validate_metadata_from_plugin: INTERNAL:Illegal header value
E0000 00:00:1747866085.163934    2034 plugin_credentials.cc:82] Plugin added invalid metadata value.
E0000 00:00:1747866086.019272    2034 plugin_credentials.cc:79] validate_metadata_from_plugin: INTERNAL:Illegal header value
E0000 00:00:1747866086.019294    2034 plugin_credentials.cc:82] Plugin added invalid metadata value.
E0000 00:00:1747866089.324754    2034 plugin_credentials.cc:79] validate_metadata_from_plugin: INTERNAL:Illegal header value
E0000 00:00:1747866089.324784    2034 plugin_credentials.cc:82] Plugin added invalid metadata value.
E0000 00:00:1747866098.431134    2034 plugin_credentials.cc:79] validate_metadata_from_plugin: INTERNAL:Illegal header value
E0000 00:00:1747866098.431174    2034 plugin_credentials.cc:82] Plugin added invalid metadata value.
E0000 00:00:1747866100.211773    2034 plugin_credentials.cc:79] validate_metadata_from_plugin: INTERNAL:Illegal header value
E0000 00:00:1747866100.211800    2034 plugin_credentials.cc:82] Plugin added invalid metadata value.
E0000 00:00:1747866102.772690    2034 plugin_credentials.cc:79] validate_metadata_from_plugin: INTERNAL:Illegal header value
E0000 00:00:1747866102.772724    2034 plugin_credentials.cc:82] Plugin added invalid metadata value.
E0000 00:00:1747866109.620837    2034 plugin_credentials.cc:79] validate_metadata_from_plugin: INTERNAL:Illegal header value
E0000 00:00:1747866109.620877    2034 plugin_credentials.cc:82] Plugin added invalid metadata value.
E0000 00:00:1747866118.894628    2034 plugin_credentials.cc:79] validate_metadata_from_plugin: INTERNAL:Illegal header value
E0000 00:00:1747866118.894662    2034 plugin_credentials.cc:82] Plugin added invalid metadata value.
E0000 00:00:1747866123.042365    2034 plugin_credentials.cc:79] validate_metadata_from_plugin: INTERNAL:Illegal header value
E0000 00:00:1747866123.042402    2034 plugin_credentials.cc:82] Plugin added invalid metadata value.
E0000 00:00:1747866125.642813    2034 plugin_credentials.cc:79] validate_metadata_from_plugin: INTERNAL:Illegal header value
E0000 00:00:1747866125.642854    2034 plugin_credentials.cc:82] Plugin added invalid metadata value.
E0000 00:00:1747866134.335136    2034 plugin_credentials.cc:79] validate_metadata_from_plugin: INTERNAL:Illegal header value
E0000 00:00:1747866134.335172    2034 plugin_credentials.cc:82] Plugin added invalid metadata value.
E0000 00:00:1747866141.264325    2034 plugin_credentials.cc:79] validate_metadata_from_plugin: INTERNAL:Illegal header value
E0000 00:00:1747866141.264361    2034 plugin_credentials.cc:82] Plugin added invalid metadata value.
E0000 00:00:1747866147.115429    2034 plugin_credentials.cc:79] validate_metadata_from_plugin: INTERNAL:Illegal header value
E0000 00:00:1747866147.115462    2034 plugin_credentials.cc:82] Plugin added invalid metadata value.
E0000 00:00:1747866147.461334    2034 plugin_credentials.cc:79] validate_metadata_from_plugin: INTERNAL:Illegal header value
E0000 00:00:1747866147.461358    2034 plugin_credentials.cc:82] Plugin added invalid metadata value.
E0000 00:00:1747866151.918066    2034 plugin_credentials.cc:79] validate_metadata_from_plugin: INTERNAL:Illegal header value
E0000 00:00:1747866151.918105    2034 plugin_credentials.cc:82] Plugin added invalid metadata value.
E0000 00:00:1747866156.431698    2034 plugin_credentials.cc:79] validate_metadata_from_plugin: INTERNAL:Illegal header value
E0000 00:00:1747866156.431733    2034 plugin_credentials.cc:82] Plugin added invalid metadata value.
E0000 00:00:1747866156.922272    2034 plugin_credentials.cc:79] validate_metadata_from_plugin: INTERNAL:Illegal header value
E0000 00:00:1747866156.922303    2034 plugin_credentials.cc:82] Plugin added invalid metadata value.
E0000 00:00:1747866164.319338    2034 plugin_credentials.cc:79] validate_metadata_from_plugin: INTERNAL:Illegal header value
E0000 00:00:1747866164.319370    2034 plugin_credentials.cc:82] Plugin added invalid metadata value.
E0000 00:00:1747866168.276522    2034 plugin_credentials.cc:79] validate_metadata_from_plugin: INTERNAL:Illegal header value
E0000 00:00:1747866168.276576    2034 plugin_credentials.cc:82] Plugin added invalid metadata value.
E0000 00:00:1747866169.211844    2034 plugin_credentials.cc:79] validate_metadata_from_plugin: INTERNAL:Illegal header value
E0000 00:00:1747866169.211864    2034 plugin_credentials.cc:82] Plugin added invalid metadata value.
E0000 00:00:1747866175.514731    2034 plugin_credentials.cc:79] validate_metadata_from_plugin: INTERNAL:Illegal header value
E0000 00:00:1747866175.514760    2034 plugin_credentials.cc:82] Plugin added invalid metadata value.
E0000 00:00:1747866183.108999    2034 plugin_credentials.cc:79] validate_metadata_from_plugin: INTERNAL:Illegal header value
E0000 00:00:1747866183.109043    2034 plugin_credentials.cc:82] Plugin added invalid metadata value.
E0000 00:00:1747866191.386208    2034 plugin_credentials.cc:79] validate_metadata_from_plugin: INTERNAL:Illegal header value
E0000 00:00:1747866191.386237    2034 plugin_credentials.cc:82] Plugin added invalid metadata value.
E0000 00:00:1747866200.577059    2034 plugin_credentials.cc:79] validate_metadata_from_plugin: INTERNAL:Illegal header value
E0000 00:00:1747866200.577097    2034 plugin_credentials.cc:82] Plugin added invalid metadata value.
E0000 00:00:1747866209.370296    2034 plugin_credentials.cc:79] validate_metadata_from_plugin: INTERNAL:Illegal header value
E0000 00:00:1747866209.370339    2034 plugin_credentials.cc:82] Plugin added invalid metadata value.
E0000 00:00:1747866212.680096    2034 plugin_credentials.cc:79] validate_metadata_from_plugin: INTERNAL:Illegal header value
E0000 00:00:1747866212.680129    2034 plugin_credentials.cc:82] Plugin added invalid metadata value.
E0000 00:00:1747866220.269959    2034 plugin_credentials.cc:79] validate_metadata_from_plugin: INTERNAL:Illegal header value
E0000 00:00:1747866220.270007    2034 plugin_credentials.cc:82] Plugin added invalid metadata value.
E0000 00:00:1747866225.389005    2034 plugin_credentials.cc:79] validate_metadata_from_plugin: INTERNAL:Illegal header value
E0000 00:00:1747866225.389050    2034 plugin_credentials.cc:82] Plugin added invalid metadata value.
E0000 00:00:1747866235.379621    2034 plugin_credentials.cc:79] validate_metadata_from_plugin: INTERNAL:Illegal header value
E0000 00:00:1747866235.379656    2034 plugin_credentials.cc:82] Plugin added invalid metadata value.
E0000 00:00:1747866242.994205    2034 plugin_credentials.cc:79] validate_metadata_from_plugin: INTERNAL:Illegal header value
E0000 00:00:1747866242.994244    2034 plugin_credentials.cc:82] Plugin added invalid metadata value.
E0000 00:00:1747866244.383983    2034 plugin_credentials.cc:79] validate_metadata_from_plugin: INTERNAL:Illegal header value
E0000 00:00:1747866244.384017    2034 plugin_credentials.cc:82] Plugin added invalid metadata value.
E0000 00:00:1747866244.795708    2034 plugin_credentials.cc:79] validate_metadata_from_plugin: INTERNAL:Illegal header value
E0000 00:00:1747866244.795730    2034 plugin_credentials.cc:82] Plugin added invalid metadata value.
E0000 00:00:1747866246.178672    2034 plugin_credentials.cc:79] validate_metadata_from_plugin: INTERNAL:Illegal header value
E0000 00:00:1747866246.178697    2034 plugin_credentials.cc:82] Plugin added invalid metadata value.
E0000 00:00:1747866251.537464    2034 plugin_credentials.cc:79] validate_metadata_from_plugin: INTERNAL:Illegal header value
E0000 00:00:1747866251.537502    2034 plugin_credentials.cc:82] Plugin added invalid metadata value.
E0000 00:00:1747866258.540088    2034 plugin_credentials.cc:79] validate_metadata_from_plugin: INTERNAL:Illegal header value
E0000 00:00:1747866258.540136    2034 plugin_credentials.cc:82] Plugin added invalid metadata value.
E0000 00:00:1747866262.990713    2034 plugin_credentials.cc:79] validate_metadata_from_plugin: INTERNAL:Illegal header value
E0000 00:00:1747866262.990746    2034 plugin_credentials.cc:82] Plugin added invalid metadata value.
E0000 00:00:1747866264.687000    2034 plugin_credentials.cc:79] validate_metadata_from_plugin: INTERNAL:Illegal header value
E0000 00:00:1747866264.687031    2034 plugin_credentials.cc:82] Plugin added invalid metadata value.
[596.8초] ✗ Gemini API 오류: Timeout of 600.0s exceeded, last exception: 503 Illegal metadata
[596.8초] Traceback (most recent call last):
  File "/opt/hostedtoolcache/Python/3.11.12/x64/lib/python3.11/site-packages/google/api_core/grpc_helpers.py", line 76, in error_remapped_callable
    return callable_(*args, **kwargs)
           ^^^^^^^^^^^^^^^^^^^^^^^^^^
  File "/opt/hostedtoolcache/Python/3.11.12/x64/lib/python3.11/site-packages/grpc/_interceptor.py", line 277, in __call__
    response, ignored_call = self._with_call(
                             ^^^^^^^^^^^^^^^^
  File "/opt/hostedtoolcache/Python/3.11.12/x64/lib/python3.11/site-packages/grpc/_interceptor.py", line 332, in _with_call
    return call.result(), call
           ^^^^^^^^^^^^^
  File "/opt/hostedtoolcache/Python/3.11.12/x64/lib/python3.11/site-packages/grpc/_channel.py", line 440, in result
    raise self
  File "/opt/hostedtoolcache/Python/3.11.12/x64/lib/python3.11/site-packages/grpc/_interceptor.py", line 315, in continuation
    response, call = self._thunk(new_method).with_call(
                     ^^^^^^^^^^^^^^^^^^^^^^^^^^^^^^^^^^
  File "/opt/hostedtoolcache/Python/3.11.12/x64/lib/python3.11/site-packages/grpc/_channel.py", line 1198, in with_call
    return _end_unary_response_blocking(state, call, True, None)
           ^^^^^^^^^^^^^^^^^^^^^^^^^^^^^^^^^^^^^^^^^^^^^^^^^^^^^
  File "/opt/hostedtoolcache/Python/3.11.12/x64/lib/python3.11/site-packages/grpc/_channel.py", line 1006, in _end_unary_response_blocking
    raise _InactiveRpcError(state)  # pytype: disable=not-instantiable
    ^^^^^^^^^^^^^^^^^^^^^^^^^^^^^^
grpc._channel._InactiveRpcError: <_InactiveRpcError of RPC that terminated with:
	status = StatusCode.UNAVAILABLE
	details = "Illegal metadata"
	debug_error_string = "UNKNOWN:Error received from peer  {grpc_message:"Illegal metadata", grpc_status:14, created_time:"2025-05-21T22:24:24.68705427+00:00"}"
>

The above exception was the direct cause of the following exception:

Traceback (most recent call last):
  File "/opt/hostedtoolcache/Python/3.11.12/x64/lib/python3.11/site-packages/google/api_core/retry/retry_unary.py", line 147, in retry_target
    result = target()
             ^^^^^^^^
  File "/opt/hostedtoolcache/Python/3.11.12/x64/lib/python3.11/site-packages/google/api_core/timeout.py", line 130, in func_with_timeout
    return func(*args, **kwargs)
           ^^^^^^^^^^^^^^^^^^^^^
  File "/opt/hostedtoolcache/Python/3.11.12/x64/lib/python3.11/site-packages/google/api_core/grpc_helpers.py", line 78, in error_remapped_callable
    raise exceptions.from_grpc_error(exc) from exc
google.api_core.exceptions.ServiceUnavailable: 503 Illegal metadata

The above exception was the direct cause of the following exception:

Traceback (most recent call last):
  File "/home/runner/work/-labor-newsletter/-labor-newsletter/main.py", line 63, in <module>
    response = model.generate_content("Hello, World!")
               ^^^^^^^^^^^^^^^^^^^^^^^^^^^^^^^^^^^^^^^
  File "/opt/hostedtoolcache/Python/3.11.12/x64/lib/python3.11/site-packages/google/generativeai/generative_models.py", line 331, in generate_content
    response = self._client.generate_content(
               ^^^^^^^^^^^^^^^^^^^^^^^^^^^^^^
  File "/opt/hostedtoolcache/Python/3.11.12/x64/lib/python3.11/site-packages/google/ai/generativelanguage_v1beta/services/generative_service/client.py", line 835, in generate_content
    response = rpc(
               ^^^^
  File "/opt/hostedtoolcache/Python/3.11.12/x64/lib/python3.11/site-packages/google/api_core/gapic_v1/method.py", line 131, in __call__
    return wrapped_func(*args, **kwargs)
           ^^^^^^^^^^^^^^^^^^^^^^^^^^^^^
  File "/opt/hostedtoolcache/Python/3.11.12/x64/lib/python3.11/site-packages/google/api_core/retry/retry_unary.py", line 294, in retry_wrapped_func
    return retry_target(
           ^^^^^^^^^^^^^
  File "/opt/hostedtoolcache/Python/3.11.12/x64/lib/python3.11/site-packages/google/api_core/retry/retry_unary.py", line 156, in retry_target
    next_sleep = _retry_error_helper(
                 ^^^^^^^^^^^^^^^^^^^^
  File "/opt/hostedtoolcache/Python/3.11.12/x64/lib/python3.11/site-packages/google/api_core/retry/retry_base.py", line 229, in _retry_error_helper
    raise final_exc from source_exc
google.api_core.exceptions.RetryError: Timeout of 600.0s exceeded, last exception: 503 Illegal metadata

[596.8초] RSS 피드 테스트...
[597.1초] ✓ RSS 피드 접근 가능: 상태 코드=403
[597.2초] ✓ RSS 피드 파싱 성공: 1개 항목 발견
[597.2초] 스크립트 실행 완료!
