[0.0초] 스크립트 시작
[0.0초] 환경 설정 확인
[0.0초] Python 버전: 3.11.13 (main, Jun  4 2025, 04:12:12) [GCC 13.3.0]
[0.0초] API 키 설정: 예
[0.0초] 이메일 설정: 예
[0.0초] 필수 모듈 로드 시도...
[0.2초] ✓ feedparser 로드 성공
[0.2초] ✓ BeautifulSoup 로드 성공
[0.2초] ✓ pytz 로드 성공
[1.0초] ✓ google.generativeai 로드 성공
[1.0초] Gemini API 설정 완료, 연결 테스트 시도...
WARNING: All log messages before absl::InitializeLog() is called are written to STDERR
E0000 00:00:1756073649.035126    2148 plugin_credentials.cc:79] validate_metadata_from_plugin: INTERNAL:Illegal header value
E0000 00:00:1756073649.035186    2148 plugin_credentials.cc:82] Plugin added invalid metadata value.
E0000 00:00:1756073649.641282    2140 plugin_credentials.cc:79] validate_metadata_from_plugin: INTERNAL:Illegal header value
E0000 00:00:1756073649.641311    2140 plugin_credentials.cc:82] Plugin added invalid metadata value.
E0000 00:00:1756073650.553243    2140 plugin_credentials.cc:79] validate_metadata_from_plugin: INTERNAL:Illegal header value
E0000 00:00:1756073650.553265    2140 plugin_credentials.cc:82] Plugin added invalid metadata value.
E0000 00:00:1756073652.172643    2140 plugin_credentials.cc:79] validate_metadata_from_plugin: INTERNAL:Illegal header value
E0000 00:00:1756073652.172664    2140 plugin_credentials.cc:82] Plugin added invalid metadata value.
E0000 00:00:1756073652.529025    2140 plugin_credentials.cc:79] validate_metadata_from_plugin: INTERNAL:Illegal header value
E0000 00:00:1756073652.529050    2140 plugin_credentials.cc:82] Plugin added invalid metadata value.
E0000 00:00:1756073653.537751    2140 plugin_credentials.cc:79] validate_metadata_from_plugin: INTERNAL:Illegal header value
E0000 00:00:1756073653.537769    2140 plugin_credentials.cc:82] Plugin added invalid metadata value.
E0000 00:00:1756073653.768900    2140 plugin_credentials.cc:79] validate_metadata_from_plugin: INTERNAL:Illegal header value
E0000 00:00:1756073653.768927    2140 plugin_credentials.cc:82] Plugin added invalid metadata value.
E0000 00:00:1756073656.625438    2140 plugin_credentials.cc:79] validate_metadata_from_plugin: INTERNAL:Illegal header value
E0000 00:00:1756073656.625456    2140 plugin_credentials.cc:82] Plugin added invalid metadata value.
E0000 00:00:1756073657.875386    2140 plugin_credentials.cc:79] validate_metadata_from_plugin: INTERNAL:Illegal header value
E0000 00:00:1756073657.875436    2140 plugin_credentials.cc:82] Plugin added invalid metadata value.
E0000 00:00:1756073660.218225    2140 plugin_credentials.cc:79] validate_metadata_from_plugin: INTERNAL:Illegal header value
E0000 00:00:1756073660.218264    2140 plugin_credentials.cc:82] Plugin added invalid metadata value.
E0000 00:00:1756073668.683089    2140 plugin_credentials.cc:79] validate_metadata_from_plugin: INTERNAL:Illegal header value
E0000 00:00:1756073668.683127    2140 plugin_credentials.cc:82] Plugin added invalid metadata value.
E0000 00:00:1756073672.264537    2140 plugin_credentials.cc:79] validate_metadata_from_plugin: INTERNAL:Illegal header value
E0000 00:00:1756073672.264570    2140 plugin_credentials.cc:82] Plugin added invalid metadata value.
E0000 00:00:1756073681.526862    2140 plugin_credentials.cc:79] validate_metadata_from_plugin: INTERNAL:Illegal header value
E0000 00:00:1756073681.526901    2140 plugin_credentials.cc:82] Plugin added invalid metadata value.
E0000 00:00:1756073686.173938    2140 plugin_credentials.cc:79] validate_metadata_from_plugin: INTERNAL:Illegal header value
E0000 00:00:1756073686.173976    2140 plugin_credentials.cc:82] Plugin added invalid metadata value.
E0000 00:00:1756073695.242532    2140 plugin_credentials.cc:79] validate_metadata_from_plugin: INTERNAL:Illegal header value
E0000 00:00:1756073695.242567    2140 plugin_credentials.cc:82] Plugin added invalid metadata value.
E0000 00:00:1756073704.558793    2140 plugin_credentials.cc:79] validate_metadata_from_plugin: INTERNAL:Illegal header value
E0000 00:00:1756073704.558837    2140 plugin_credentials.cc:82] Plugin added invalid metadata value.
E0000 00:00:1756073710.975769    2140 plugin_credentials.cc:79] validate_metadata_from_plugin: INTERNAL:Illegal header value
E0000 00:00:1756073710.975805    2140 plugin_credentials.cc:82] Plugin added invalid metadata value.
E0000 00:00:1756073713.409895    2140 plugin_credentials.cc:79] validate_metadata_from_plugin: INTERNAL:Illegal header value
E0000 00:00:1756073713.409926    2140 plugin_credentials.cc:82] Plugin added invalid metadata value.
E0000 00:00:1756073718.001293    2140 plugin_credentials.cc:79] validate_metadata_from_plugin: INTERNAL:Illegal header value
E0000 00:00:1756073718.001325    2140 plugin_credentials.cc:82] Plugin added invalid metadata value.
E0000 00:00:1756073719.184340    2140 plugin_credentials.cc:79] validate_metadata_from_plugin: INTERNAL:Illegal header value
E0000 00:00:1756073719.184372    2140 plugin_credentials.cc:82] Plugin added invalid metadata value.
E0000 00:00:1756073725.660927    2140 plugin_credentials.cc:79] validate_metadata_from_plugin: INTERNAL:Illegal header value
E0000 00:00:1756073725.660995    2140 plugin_credentials.cc:82] Plugin added invalid metadata value.
E0000 00:00:1756073730.844247    2140 plugin_credentials.cc:79] validate_metadata_from_plugin: INTERNAL:Illegal header value
E0000 00:00:1756073730.844281    2140 plugin_credentials.cc:82] Plugin added invalid metadata value.
E0000 00:00:1756073735.732692    2140 plugin_credentials.cc:79] validate_metadata_from_plugin: INTERNAL:Illegal header value
E0000 00:00:1756073735.732730    2140 plugin_credentials.cc:82] Plugin added invalid metadata value.
E0000 00:00:1756073745.121755    2140 plugin_credentials.cc:79] validate_metadata_from_plugin: INTERNAL:Illegal header value
E0000 00:00:1756073745.121786    2140 plugin_credentials.cc:82] Plugin added invalid metadata value.
E0000 00:00:1756073754.967790    2140 plugin_credentials.cc:79] validate_metadata_from_plugin: INTERNAL:Illegal header value
E0000 00:00:1756073754.967831    2140 plugin_credentials.cc:82] Plugin added invalid metadata value.
E0000 00:00:1756073760.408538    2140 plugin_credentials.cc:79] validate_metadata_from_plugin: INTERNAL:Illegal header value
E0000 00:00:1756073760.408571    2140 plugin_credentials.cc:82] Plugin added invalid metadata value.
E0000 00:00:1756073764.590361    2140 plugin_credentials.cc:79] validate_metadata_from_plugin: INTERNAL:Illegal header value
E0000 00:00:1756073764.590387    2140 plugin_credentials.cc:82] Plugin added invalid metadata value.
E0000 00:00:1756073764.919968    2140 plugin_credentials.cc:79] validate_metadata_from_plugin: INTERNAL:Illegal header value
E0000 00:00:1756073764.920004    2140 plugin_credentials.cc:82] Plugin added invalid metadata value.
E0000 00:00:1756073769.351853    2140 plugin_credentials.cc:79] validate_metadata_from_plugin: INTERNAL:Illegal header value
E0000 00:00:1756073769.351879    2140 plugin_credentials.cc:82] Plugin added invalid metadata value.
E0000 00:00:1756073770.301222    2140 plugin_credentials.cc:79] validate_metadata_from_plugin: INTERNAL:Illegal header value
E0000 00:00:1756073770.301242    2140 plugin_credentials.cc:82] Plugin added invalid metadata value.
E0000 00:00:1756073777.777345    2140 plugin_credentials.cc:79] validate_metadata_from_plugin: INTERNAL:Illegal header value
E0000 00:00:1756073777.777379    2140 plugin_credentials.cc:82] Plugin added invalid metadata value.
E0000 00:00:1756073783.320469    2140 plugin_credentials.cc:79] validate_metadata_from_plugin: INTERNAL:Illegal header value
E0000 00:00:1756073783.320504    2140 plugin_credentials.cc:82] Plugin added invalid metadata value.
E0000 00:00:1756073789.406199    2140 plugin_credentials.cc:79] validate_metadata_from_plugin: INTERNAL:Illegal header value
E0000 00:00:1756073789.406239    2140 plugin_credentials.cc:82] Plugin added invalid metadata value.
E0000 00:00:1756073796.124202    2140 plugin_credentials.cc:79] validate_metadata_from_plugin: INTERNAL:Illegal header value
E0000 00:00:1756073796.124244    2140 plugin_credentials.cc:82] Plugin added invalid metadata value.
E0000 00:00:1756073800.223650    2140 plugin_credentials.cc:79] validate_metadata_from_plugin: INTERNAL:Illegal header value
E0000 00:00:1756073800.223685    2140 plugin_credentials.cc:82] Plugin added invalid metadata value.
E0000 00:00:1756073810.019044    2140 plugin_credentials.cc:79] validate_metadata_from_plugin: INTERNAL:Illegal header value
E0000 00:00:1756073810.019077    2140 plugin_credentials.cc:82] Plugin added invalid metadata value.
E0000 00:00:1756073816.352044    2140 plugin_credentials.cc:79] validate_metadata_from_plugin: INTERNAL:Illegal header value
E0000 00:00:1756073816.352081    2140 plugin_credentials.cc:82] Plugin added invalid metadata value.
E0000 00:00:1756073819.301835    2140 plugin_credentials.cc:79] validate_metadata_from_plugin: INTERNAL:Illegal header value
E0000 00:00:1756073819.301859    2140 plugin_credentials.cc:82] Plugin added invalid metadata value.
E0000 00:00:1756073821.482836    2140 plugin_credentials.cc:79] validate_metadata_from_plugin: INTERNAL:Illegal header value
E0000 00:00:1756073821.482861    2140 plugin_credentials.cc:82] Plugin added invalid metadata value.
E0000 00:00:1756073824.688716    2140 plugin_credentials.cc:79] validate_metadata_from_plugin: INTERNAL:Illegal header value
E0000 00:00:1756073824.688755    2140 plugin_credentials.cc:82] Plugin added invalid metadata value.
E0000 00:00:1756073833.314554    2140 plugin_credentials.cc:79] validate_metadata_from_plugin: INTERNAL:Illegal header value
E0000 00:00:1756073833.314593    2140 plugin_credentials.cc:82] Plugin added invalid metadata value.
E0000 00:00:1756073838.004016    2140 plugin_credentials.cc:79] validate_metadata_from_plugin: INTERNAL:Illegal header value
E0000 00:00:1756073838.004054    2140 plugin_credentials.cc:82] Plugin added invalid metadata value.
E0000 00:00:1756073844.794507    2140 plugin_credentials.cc:79] validate_metadata_from_plugin: INTERNAL:Illegal header value
E0000 00:00:1756073844.794545    2140 plugin_credentials.cc:82] Plugin added invalid metadata value.
E0000 00:00:1756073851.884939    2140 plugin_credentials.cc:79] validate_metadata_from_plugin: INTERNAL:Illegal header value
E0000 00:00:1756073851.884973    2140 plugin_credentials.cc:82] Plugin added invalid metadata value.
E0000 00:00:1756073853.962665    2140 plugin_credentials.cc:79] validate_metadata_from_plugin: INTERNAL:Illegal header value
E0000 00:00:1756073853.962700    2140 plugin_credentials.cc:82] Plugin added invalid metadata value.
E0000 00:00:1756073855.256128    2140 plugin_credentials.cc:79] validate_metadata_from_plugin: INTERNAL:Illegal header value
E0000 00:00:1756073855.256161    2140 plugin_credentials.cc:82] Plugin added invalid metadata value.
E0000 00:00:1756073862.653668    2140 plugin_credentials.cc:79] validate_metadata_from_plugin: INTERNAL:Illegal header value
E0000 00:00:1756073862.653708    2140 plugin_credentials.cc:82] Plugin added invalid metadata value.
E0000 00:00:1756073864.214731    2140 plugin_credentials.cc:79] validate_metadata_from_plugin: INTERNAL:Illegal header value
E0000 00:00:1756073864.214773    2140 plugin_credentials.cc:82] Plugin added invalid metadata value.
E0000 00:00:1756073864.831387    2140 plugin_credentials.cc:79] validate_metadata_from_plugin: INTERNAL:Illegal header value
E0000 00:00:1756073864.831441    2140 plugin_credentials.cc:82] Plugin added invalid metadata value.
E0000 00:00:1756073865.892559    2140 plugin_credentials.cc:79] validate_metadata_from_plugin: INTERNAL:Illegal header value
E0000 00:00:1756073865.892579    2140 plugin_credentials.cc:82] Plugin added invalid metadata value.
E0000 00:00:1756073868.714181    2140 plugin_credentials.cc:79] validate_metadata_from_plugin: INTERNAL:Illegal header value
E0000 00:00:1756073868.714211    2140 plugin_credentials.cc:82] Plugin added invalid metadata value.
E0000 00:00:1756073870.028018    2140 plugin_credentials.cc:79] validate_metadata_from_plugin: INTERNAL:Illegal header value
E0000 00:00:1756073870.028053    2140 plugin_credentials.cc:82] Plugin added invalid metadata value.
E0000 00:00:1756073872.751186    2140 plugin_credentials.cc:79] validate_metadata_from_plugin: INTERNAL:Illegal header value
E0000 00:00:1756073872.751209    2140 plugin_credentials.cc:82] Plugin added invalid metadata value.
E0000 00:00:1756073878.606522    2140 plugin_credentials.cc:79] validate_metadata_from_plugin: INTERNAL:Illegal header value
E0000 00:00:1756073878.606560    2140 plugin_credentials.cc:82] Plugin added invalid metadata value.
E0000 00:00:1756073885.690615    2140 plugin_credentials.cc:79] validate_metadata_from_plugin: INTERNAL:Illegal header value
E0000 00:00:1756073885.690654    2140 plugin_credentials.cc:82] Plugin added invalid metadata value.
E0000 00:00:1756073893.165766    2140 plugin_credentials.cc:79] validate_metadata_from_plugin: INTERNAL:Illegal header value
E0000 00:00:1756073893.165795    2140 plugin_credentials.cc:82] Plugin added invalid metadata value.
E0000 00:00:1756073895.229511    2147 plugin_credentials.cc:79] validate_metadata_from_plugin: INTERNAL:Illegal header value
E0000 00:00:1756073895.229548    2147 plugin_credentials.cc:82] Plugin added invalid metadata value.
E0000 00:00:1756073895.234109    2140 plugin_credentials.cc:79] validate_metadata_from_plugin: INTERNAL:Illegal header value
E0000 00:00:1756073895.234128    2140 plugin_credentials.cc:82] Plugin added invalid metadata value.
E0000 00:00:1756073896.852035    2140 plugin_credentials.cc:79] validate_metadata_from_plugin: INTERNAL:Illegal header value
E0000 00:00:1756073896.852066    2140 plugin_credentials.cc:82] Plugin added invalid metadata value.
E0000 00:00:1756073902.871440    2140 plugin_credentials.cc:79] validate_metadata_from_plugin: INTERNAL:Illegal header value
E0000 00:00:1756073902.871472    2140 plugin_credentials.cc:82] Plugin added invalid metadata value.
E0000 00:00:1756073912.645078    2140 plugin_credentials.cc:79] validate_metadata_from_plugin: INTERNAL:Illegal header value
E0000 00:00:1756073912.645116    2140 plugin_credentials.cc:82] Plugin added invalid metadata value.
E0000 00:00:1756073913.448121    2140 plugin_credentials.cc:79] validate_metadata_from_plugin: INTERNAL:Illegal header value
E0000 00:00:1756073913.448153    2140 plugin_credentials.cc:82] Plugin added invalid metadata value.
E0000 00:00:1756073913.617930    2140 plugin_credentials.cc:79] validate_metadata_from_plugin: INTERNAL:Illegal header value
E0000 00:00:1756073913.617966    2140 plugin_credentials.cc:82] Plugin added invalid metadata value.
E0000 00:00:1756073916.788554    2140 plugin_credentials.cc:79] validate_metadata_from_plugin: INTERNAL:Illegal header value
E0000 00:00:1756073916.788595    2140 plugin_credentials.cc:82] Plugin added invalid metadata value.
E0000 00:00:1756073922.833178    2140 plugin_credentials.cc:79] validate_metadata_from_plugin: INTERNAL:Illegal header value
E0000 00:00:1756073922.833217    2140 plugin_credentials.cc:82] Plugin added invalid metadata value.
E0000 00:00:1756073926.094352    2140 plugin_credentials.cc:79] validate_metadata_from_plugin: INTERNAL:Illegal header value
E0000 00:00:1756073926.094390    2140 plugin_credentials.cc:82] Plugin added invalid metadata value.
E0000 00:00:1756073927.607978    2140 plugin_credentials.cc:79] validate_metadata_from_plugin: INTERNAL:Illegal header value
E0000 00:00:1756073927.608019    2140 plugin_credentials.cc:82] Plugin added invalid metadata value.
E0000 00:00:1756073935.104959    2140 plugin_credentials.cc:79] validate_metadata_from_plugin: INTERNAL:Illegal header value
E0000 00:00:1756073935.104995    2140 plugin_credentials.cc:82] Plugin added invalid metadata value.
E0000 00:00:1756073941.967478    2140 plugin_credentials.cc:79] validate_metadata_from_plugin: INTERNAL:Illegal header value
E0000 00:00:1756073941.967516    2140 plugin_credentials.cc:82] Plugin added invalid metadata value.
E0000 00:00:1756073945.141117    2140 plugin_credentials.cc:79] validate_metadata_from_plugin: INTERNAL:Illegal header value
E0000 00:00:1756073945.141159    2140 plugin_credentials.cc:82] Plugin added invalid metadata value.
E0000 00:00:1756073951.064779    2140 plugin_credentials.cc:79] validate_metadata_from_plugin: INTERNAL:Illegal header value
E0000 00:00:1756073951.064825    2140 plugin_credentials.cc:82] Plugin added invalid metadata value.
E0000 00:00:1756073956.073879    2140 plugin_credentials.cc:79] validate_metadata_from_plugin: INTERNAL:Illegal header value
E0000 00:00:1756073956.073913    2140 plugin_credentials.cc:82] Plugin added invalid metadata value.
E0000 00:00:1756073959.731966    2140 plugin_credentials.cc:79] validate_metadata_from_plugin: INTERNAL:Illegal header value
E0000 00:00:1756073959.732007    2140 plugin_credentials.cc:82] Plugin added invalid metadata value.
E0000 00:00:1756073968.102106    2140 plugin_credentials.cc:79] validate_metadata_from_plugin: INTERNAL:Illegal header value
E0000 00:00:1756073968.102145    2140 plugin_credentials.cc:82] Plugin added invalid metadata value.
E0000 00:00:1756073968.462610    2140 plugin_credentials.cc:79] validate_metadata_from_plugin: INTERNAL:Illegal header value
E0000 00:00:1756073968.462648    2140 plugin_credentials.cc:82] Plugin added invalid metadata value.
E0000 00:00:1756073970.582027    2140 plugin_credentials.cc:79] validate_metadata_from_plugin: INTERNAL:Illegal header value
E0000 00:00:1756073970.582071    2140 plugin_credentials.cc:82] Plugin added invalid metadata value.
E0000 00:00:1756073976.089561    2140 plugin_credentials.cc:79] validate_metadata_from_plugin: INTERNAL:Illegal header value
E0000 00:00:1756073976.089597    2140 plugin_credentials.cc:82] Plugin added invalid metadata value.
E0000 00:00:1756073978.032017    2140 plugin_credentials.cc:79] validate_metadata_from_plugin: INTERNAL:Illegal header value
E0000 00:00:1756073978.032060    2140 plugin_credentials.cc:82] Plugin added invalid metadata value.
E0000 00:00:1756073981.065594    2140 plugin_credentials.cc:79] validate_metadata_from_plugin: INTERNAL:Illegal header value
E0000 00:00:1756073981.065630    2140 plugin_credentials.cc:82] Plugin added invalid metadata value.
E0000 00:00:1756073989.696869    2140 plugin_credentials.cc:79] validate_metadata_from_plugin: INTERNAL:Illegal header value
E0000 00:00:1756073989.696907    2140 plugin_credentials.cc:82] Plugin added invalid metadata value.
E0000 00:00:1756073991.902186    2140 plugin_credentials.cc:79] validate_metadata_from_plugin: INTERNAL:Illegal header value
E0000 00:00:1756073991.902219    2140 plugin_credentials.cc:82] Plugin added invalid metadata value.
E0000 00:00:1756073997.279566    2140 plugin_credentials.cc:79] validate_metadata_from_plugin: INTERNAL:Illegal header value
E0000 00:00:1756073997.279602    2140 plugin_credentials.cc:82] Plugin added invalid metadata value.
E0000 00:00:1756074005.146238    2140 plugin_credentials.cc:79] validate_metadata_from_plugin: INTERNAL:Illegal header value
E0000 00:00:1756074005.146277    2140 plugin_credentials.cc:82] Plugin added invalid metadata value.
E0000 00:00:1756074006.717562    2140 plugin_credentials.cc:79] validate_metadata_from_plugin: INTERNAL:Illegal header value
E0000 00:00:1756074006.717597    2140 plugin_credentials.cc:82] Plugin added invalid metadata value.
E0000 00:00:1756074007.453980    2140 plugin_credentials.cc:79] validate_metadata_from_plugin: INTERNAL:Illegal header value
E0000 00:00:1756074007.454017    2140 plugin_credentials.cc:82] Plugin added invalid metadata value.
E0000 00:00:1756074014.593962    2140 plugin_credentials.cc:79] validate_metadata_from_plugin: INTERNAL:Illegal header value
E0000 00:00:1756074014.594000    2140 plugin_credentials.cc:82] Plugin added invalid metadata value.
E0000 00:00:1756074015.313142    2140 plugin_credentials.cc:79] validate_metadata_from_plugin: INTERNAL:Illegal header value
E0000 00:00:1756074015.313188    2140 plugin_credentials.cc:82] Plugin added invalid metadata value.
E0000 00:00:1756074017.209687    2140 plugin_credentials.cc:79] validate_metadata_from_plugin: INTERNAL:Illegal header value
E0000 00:00:1756074017.209721    2140 plugin_credentials.cc:82] Plugin added invalid metadata value.
E0000 00:00:1756074022.735250    2140 plugin_credentials.cc:79] validate_metadata_from_plugin: INTERNAL:Illegal header value
E0000 00:00:1756074022.735298    2140 plugin_credentials.cc:82] Plugin added invalid metadata value.
E0000 00:00:1756074023.874540    2140 plugin_credentials.cc:79] validate_metadata_from_plugin: INTERNAL:Illegal header value
E0000 00:00:1756074023.874578    2140 plugin_credentials.cc:82] Plugin added invalid metadata value.
E0000 00:00:1756074030.990929    2140 plugin_credentials.cc:79] validate_metadata_from_plugin: INTERNAL:Illegal header value
E0000 00:00:1756074030.990965    2140 plugin_credentials.cc:82] Plugin added invalid metadata value.
E0000 00:00:1756074037.884171    2140 plugin_credentials.cc:79] validate_metadata_from_plugin: INTERNAL:Illegal header value
E0000 00:00:1756074037.884211    2140 plugin_credentials.cc:82] Plugin added invalid metadata value.
E0000 00:00:1756074043.201572    2140 plugin_credentials.cc:79] validate_metadata_from_plugin: INTERNAL:Illegal header value
E0000 00:00:1756074043.201619    2140 plugin_credentials.cc:82] Plugin added invalid metadata value.
E0000 00:00:1756074050.953519    2140 plugin_credentials.cc:79] validate_metadata_from_plugin: INTERNAL:Illegal header value
E0000 00:00:1756074050.953554    2140 plugin_credentials.cc:82] Plugin added invalid metadata value.
E0000 00:00:1756074056.240124    2140 plugin_credentials.cc:79] validate_metadata_from_plugin: INTERNAL:Illegal header value
E0000 00:00:1756074056.240165    2140 plugin_credentials.cc:82] Plugin added invalid metadata value.
E0000 00:00:1756074060.273812    2140 plugin_credentials.cc:79] validate_metadata_from_plugin: INTERNAL:Illegal header value
E0000 00:00:1756074060.273852    2140 plugin_credentials.cc:82] Plugin added invalid metadata value.
E0000 00:00:1756074069.266946    2140 plugin_credentials.cc:79] validate_metadata_from_plugin: INTERNAL:Illegal header value
E0000 00:00:1756074069.266982    2140 plugin_credentials.cc:82] Plugin added invalid metadata value.
E0000 00:00:1756074073.836342    2140 plugin_credentials.cc:79] validate_metadata_from_plugin: INTERNAL:Illegal header value
E0000 00:00:1756074073.836382    2140 plugin_credentials.cc:82] Plugin added invalid metadata value.
E0000 00:00:1756074075.892453    2140 plugin_credentials.cc:79] validate_metadata_from_plugin: INTERNAL:Illegal header value
E0000 00:00:1756074075.892487    2140 plugin_credentials.cc:82] Plugin added invalid metadata value.
E0000 00:00:1756074082.910475    2140 plugin_credentials.cc:79] validate_metadata_from_plugin: INTERNAL:Illegal header value
E0000 00:00:1756074082.910507    2140 plugin_credentials.cc:82] Plugin added invalid metadata value.
E0000 00:00:1756074092.432118    2140 plugin_credentials.cc:79] validate_metadata_from_plugin: INTERNAL:Illegal header value
E0000 00:00:1756074092.432149    2140 plugin_credentials.cc:82] Plugin added invalid metadata value.
E0000 00:00:1756074100.772861    2140 plugin_credentials.cc:79] validate_metadata_from_plugin: INTERNAL:Illegal header value
E0000 00:00:1756074100.772896    2140 plugin_credentials.cc:82] Plugin added invalid metadata value.
E0000 00:00:1756074110.370113    2140 plugin_credentials.cc:79] validate_metadata_from_plugin: INTERNAL:Illegal header value
E0000 00:00:1756074110.370148    2140 plugin_credentials.cc:82] Plugin added invalid metadata value.
E0000 00:00:1756074111.917011    2140 plugin_credentials.cc:79] validate_metadata_from_plugin: INTERNAL:Illegal header value
E0000 00:00:1756074111.917049    2140 plugin_credentials.cc:82] Plugin added invalid metadata value.
E0000 00:00:1756074113.641799    2140 plugin_credentials.cc:79] validate_metadata_from_plugin: INTERNAL:Illegal header value
E0000 00:00:1756074113.641837    2140 plugin_credentials.cc:82] Plugin added invalid metadata value.
E0000 00:00:1756074118.035596    2140 plugin_credentials.cc:79] validate_metadata_from_plugin: INTERNAL:Illegal header value
E0000 00:00:1756074118.035631    2140 plugin_credentials.cc:82] Plugin added invalid metadata value.
E0000 00:00:1756074121.624809    2140 plugin_credentials.cc:79] validate_metadata_from_plugin: INTERNAL:Illegal header value
E0000 00:00:1756074121.624861    2140 plugin_credentials.cc:82] Plugin added invalid metadata value.
E0000 00:00:1756074128.727671    2140 plugin_credentials.cc:79] validate_metadata_from_plugin: INTERNAL:Illegal header value
E0000 00:00:1756074128.727704    2140 plugin_credentials.cc:82] Plugin added invalid metadata value.
E0000 00:00:1756074138.441181    2140 plugin_credentials.cc:79] validate_metadata_from_plugin: INTERNAL:Illegal header value
E0000 00:00:1756074138.441223    2140 plugin_credentials.cc:82] Plugin added invalid metadata value.
E0000 00:00:1756074144.416798    2148 plugin_credentials.cc:79] validate_metadata_from_plugin: INTERNAL:Illegal header value
E0000 00:00:1756074144.416851    2148 plugin_credentials.cc:82] Plugin added invalid metadata value.
E0000 00:00:1756074154.078570    2140 plugin_credentials.cc:79] validate_metadata_from_plugin: INTERNAL:Illegal header value
E0000 00:00:1756074154.078604    2140 plugin_credentials.cc:82] Plugin added invalid metadata value.
E0000 00:00:1756074157.072560    2140 plugin_credentials.cc:79] validate_metadata_from_plugin: INTERNAL:Illegal header value
E0000 00:00:1756074157.072590    2140 plugin_credentials.cc:82] Plugin added invalid metadata value.
E0000 00:00:1756074162.639213    2140 plugin_credentials.cc:79] validate_metadata_from_plugin: INTERNAL:Illegal header value
E0000 00:00:1756074162.639247    2140 plugin_credentials.cc:82] Plugin added invalid metadata value.
E0000 00:00:1756074164.898201    2140 plugin_credentials.cc:79] validate_metadata_from_plugin: INTERNAL:Illegal header value
E0000 00:00:1756074164.898241    2140 plugin_credentials.cc:82] Plugin added invalid metadata value.
E0000 00:00:1756074171.293522    2140 plugin_credentials.cc:79] validate_metadata_from_plugin: INTERNAL:Illegal header value
E0000 00:00:1756074171.293549    2140 plugin_credentials.cc:82] Plugin added invalid metadata value.
E0000 00:00:1756074180.022427    2398 plugin_credentials.cc:79] validate_metadata_from_plugin: INTERNAL:Illegal header value
E0000 00:00:1756074180.022469    2398 plugin_credentials.cc:82] Plugin added invalid metadata value.
E0000 00:00:1756074186.819741    2140 plugin_credentials.cc:79] validate_metadata_from_plugin: INTERNAL:Illegal header value
E0000 00:00:1756074186.819783    2140 plugin_credentials.cc:82] Plugin added invalid metadata value.
E0000 00:00:1756074189.402793    2140 plugin_credentials.cc:79] validate_metadata_from_plugin: INTERNAL:Illegal header value
E0000 00:00:1756074189.402822    2140 plugin_credentials.cc:82] Plugin added invalid metadata value.
E0000 00:00:1756074195.887902    2140 plugin_credentials.cc:79] validate_metadata_from_plugin: INTERNAL:Illegal header value
E0000 00:00:1756074195.887938    2140 plugin_credentials.cc:82] Plugin added invalid metadata value.
E0000 00:00:1756074202.779919    2140 plugin_credentials.cc:79] validate_metadata_from_plugin: INTERNAL:Illegal header value
E0000 00:00:1756074202.779952    2140 plugin_credentials.cc:82] Plugin added invalid metadata value.
E0000 00:00:1756074209.556562    2140 plugin_credentials.cc:79] validate_metadata_from_plugin: INTERNAL:Illegal header value
E0000 00:00:1756074209.556598    2140 plugin_credentials.cc:82] Plugin added invalid metadata value.
E0000 00:00:1756074213.198567    2140 plugin_credentials.cc:79] validate_metadata_from_plugin: INTERNAL:Illegal header value
E0000 00:00:1756074213.198602    2140 plugin_credentials.cc:82] Plugin added invalid metadata value.
E0000 00:00:1756074217.041837    2140 plugin_credentials.cc:79] validate_metadata_from_plugin: INTERNAL:Illegal header value
E0000 00:00:1756074217.041874    2140 plugin_credentials.cc:82] Plugin added invalid metadata value.
E0000 00:00:1756074222.069532    2140 plugin_credentials.cc:79] validate_metadata_from_plugin: INTERNAL:Illegal header value
E0000 00:00:1756074222.069564    2140 plugin_credentials.cc:82] Plugin added invalid metadata value.
E0000 00:00:1756074224.425978    2140 plugin_credentials.cc:79] validate_metadata_from_plugin: INTERNAL:Illegal header value
E0000 00:00:1756074224.426020    2140 plugin_credentials.cc:82] Plugin added invalid metadata value.
E0000 00:00:1756074225.416344    2140 plugin_credentials.cc:79] validate_metadata_from_plugin: INTERNAL:Illegal header value
E0000 00:00:1756074225.416379    2140 plugin_credentials.cc:82] Plugin added invalid metadata value.
E0000 00:00:1756074231.154818    2140 plugin_credentials.cc:79] validate_metadata_from_plugin: INTERNAL:Illegal header value
E0000 00:00:1756074231.154843    2140 plugin_credentials.cc:82] Plugin added invalid metadata value.
E0000 00:00:1756074239.324844    2140 plugin_credentials.cc:79] validate_metadata_from_plugin: INTERNAL:Illegal header value
E0000 00:00:1756074239.324884    2140 plugin_credentials.cc:82] Plugin added invalid metadata value.
E0000 00:00:1756074240.964587    2140 plugin_credentials.cc:79] validate_metadata_from_plugin: INTERNAL:Illegal header value
E0000 00:00:1756074240.964621    2140 plugin_credentials.cc:82] Plugin added invalid metadata value.
[593.0초] ✗ Gemini API 오류: Timeout of 600.0s exceeded, last exception: 503 Illegal metadata
[593.0초] Traceback (most recent call last):
  File "/opt/hostedtoolcache/Python/3.11.13/x64/lib/python3.11/site-packages/google/api_core/grpc_helpers.py", line 76, in error_remapped_callable
    return callable_(*args, **kwargs)
           ^^^^^^^^^^^^^^^^^^^^^^^^^^
  File "/opt/hostedtoolcache/Python/3.11.13/x64/lib/python3.11/site-packages/grpc/_interceptor.py", line 277, in __call__
    response, ignored_call = self._with_call(
                             ^^^^^^^^^^^^^^^^
  File "/opt/hostedtoolcache/Python/3.11.13/x64/lib/python3.11/site-packages/grpc/_interceptor.py", line 332, in _with_call
    return call.result(), call
           ^^^^^^^^^^^^^
  File "/opt/hostedtoolcache/Python/3.11.13/x64/lib/python3.11/site-packages/grpc/_channel.py", line 440, in result
    raise self
  File "/opt/hostedtoolcache/Python/3.11.13/x64/lib/python3.11/site-packages/grpc/_interceptor.py", line 315, in continuation
    response, call = self._thunk(new_method).with_call(
                     ^^^^^^^^^^^^^^^^^^^^^^^^^^^^^^^^^^
  File "/opt/hostedtoolcache/Python/3.11.13/x64/lib/python3.11/site-packages/grpc/_channel.py", line 1192, in with_call
    return _end_unary_response_blocking(state, call, True, None)
           ^^^^^^^^^^^^^^^^^^^^^^^^^^^^^^^^^^^^^^^^^^^^^^^^^^^^^
  File "/opt/hostedtoolcache/Python/3.11.13/x64/lib/python3.11/site-packages/grpc/_channel.py", line 1006, in _end_unary_response_blocking
    raise _InactiveRpcError(state)  # pytype: disable=not-instantiable
    ^^^^^^^^^^^^^^^^^^^^^^^^^^^^^^
grpc._channel._InactiveRpcError: <_InactiveRpcError of RPC that terminated with:
	status = StatusCode.UNAVAILABLE
	details = "Illegal metadata"
	debug_error_string = "UNKNOWN:Error received from peer  {grpc_status:14, grpc_message:"Illegal metadata"}"
>

The above exception was the direct cause of the following exception:

Traceback (most recent call last):
  File "/opt/hostedtoolcache/Python/3.11.13/x64/lib/python3.11/site-packages/google/api_core/retry/retry_unary.py", line 147, in retry_target
    result = target()
             ^^^^^^^^
  File "/opt/hostedtoolcache/Python/3.11.13/x64/lib/python3.11/site-packages/google/api_core/timeout.py", line 130, in func_with_timeout
    return func(*args, **kwargs)
           ^^^^^^^^^^^^^^^^^^^^^
  File "/opt/hostedtoolcache/Python/3.11.13/x64/lib/python3.11/site-packages/google/api_core/grpc_helpers.py", line 78, in error_remapped_callable
    raise exceptions.from_grpc_error(exc) from exc
google.api_core.exceptions.ServiceUnavailable: 503 Illegal metadata

The above exception was the direct cause of the following exception:

Traceback (most recent call last):
  File "/home/runner/work/-labor-newsletter/-labor-newsletter/main.py", line 63, in <module>
    response = model.generate_content("Hello, World!")
               ^^^^^^^^^^^^^^^^^^^^^^^^^^^^^^^^^^^^^^^
  File "/opt/hostedtoolcache/Python/3.11.13/x64/lib/python3.11/site-packages/google/generativeai/generative_models.py", line 331, in generate_content
    response = self._client.generate_content(
               ^^^^^^^^^^^^^^^^^^^^^^^^^^^^^^
  File "/opt/hostedtoolcache/Python/3.11.13/x64/lib/python3.11/site-packages/google/ai/generativelanguage_v1beta/services/generative_service/client.py", line 835, in generate_content
    response = rpc(
               ^^^^
  File "/opt/hostedtoolcache/Python/3.11.13/x64/lib/python3.11/site-packages/google/api_core/gapic_v1/method.py", line 131, in __call__
    return wrapped_func(*args, **kwargs)
           ^^^^^^^^^^^^^^^^^^^^^^^^^^^^^
  File "/opt/hostedtoolcache/Python/3.11.13/x64/lib/python3.11/site-packages/google/api_core/retry/retry_unary.py", line 294, in retry_wrapped_func
    return retry_target(
           ^^^^^^^^^^^^^
  File "/opt/hostedtoolcache/Python/3.11.13/x64/lib/python3.11/site-packages/google/api_core/retry/retry_unary.py", line 156, in retry_target
    next_sleep = _retry_error_helper(
                 ^^^^^^^^^^^^^^^^^^^^
  File "/opt/hostedtoolcache/Python/3.11.13/x64/lib/python3.11/site-packages/google/api_core/retry/retry_base.py", line 229, in _retry_error_helper
    raise final_exc from source_exc
google.api_core.exceptions.RetryError: Timeout of 600.0s exceeded, last exception: 503 Illegal metadata

[593.0초] RSS 피드 테스트...
[593.5초] ✓ RSS 피드 접근 가능: 상태 코드=403
[593.8초] ✓ RSS 피드 파싱 성공: 1개 항목 발견
[593.8초] 스크립트 실행 완료!
